{"C:\\Users\\bcmad\\OneDrive\\Desktop\\Alpha1\\UltimateSportsBettingApp\\frontend\\src\\api\\PrizePicksAPI.ts": {"path":"C:\\Users\\bcmad\\OneDrive\\Desktop\\Alpha1\\UltimateSportsBettingApp\\frontend\\src\\api\\PrizePicksAPI.ts","statementMap":{"0":{"start":{"line":5,"column":21},"end":{"line":5,"column":49}},"1":{"start":{"line":99,"column":4},"end":{"line":99,"column":32}},"2":{"start":{"line":100,"column":4},"end":{"line":100,"column":50}},"3":{"start":{"line":110,"column":16},"end":{"line":110,"column":53}},"4":{"start":{"line":111,"column":4},"end":{"line":113,"column":5}},"5":{"start":{"line":112,"column":6},"end":{"line":112,"column":84}},"6":{"start":{"line":112,"column":41},"end":{"line":112,"column":82}},"7":{"start":{"line":115,"column":33},"end":{"line":119,"column":5}},"8":{"start":{"line":121,"column":4},"end":{"line":123,"column":5}},"9":{"start":{"line":122,"column":6},"end":{"line":122,"column":41}},"10":{"start":{"line":125,"column":36},"end":{"line":128,"column":5}},"11":{"start":{"line":130,"column":4},"end":{"line":132,"column":5}},"12":{"start":{"line":131,"column":6},"end":{"line":131,"column":45}},"13":{"start":{"line":134,"column":4},"end":{"line":178,"column":5}},"14":{"start":{"line":135,"column":23},"end":{"line":135,"column":62}},"15":{"start":{"line":137,"column":6},"end":{"line":152,"column":7}},"16":{"start":{"line":138,"column":26},"end":{"line":138,"column":47}},"17":{"start":{"line":146,"column":8},"end":{"line":148,"column":10}},"18":{"start":{"line":149,"column":8},"end":{"line":151,"column":10}},"19":{"start":{"line":154,"column":6},"end":{"line":157,"column":7}},"20":{"start":{"line":156,"column":8},"end":{"line":156,"column":25}},"21":{"start":{"line":159,"column":27},"end":{"line":159,"column":48}},"22":{"start":{"line":167,"column":6},"end":{"line":167,"column":31}},"23":{"start":{"line":176,"column":6},"end":{"line":176,"column":81}},"24":{"start":{"line":177,"column":6},"end":{"line":177,"column":18}},"25":{"start":{"line":185,"column":21},"end":{"line":185,"column":35}},"26":{"start":{"line":186,"column":43},"end":{"line":186,"column":82}},"27":{"start":{"line":188,"column":4},"end":{"line":193,"column":5}},"28":{"start":{"line":189,"column":6},"end":{"line":189,"column":37}},"29":{"start":{"line":190,"column":11},"end":{"line":193,"column":5}},"30":{"start":{"line":192,"column":6},"end":{"line":192,"column":34}},"31":{"start":{"line":195,"column":4},"end":{"line":201,"column":6}},"32":{"start":{"line":207,"column":21},"end":{"line":207,"column":51}},"33":{"start":{"line":208,"column":4},"end":{"line":208,"column":82}},"34":{"start":{"line":212,"column":21},"end":{"line":212,"column":31}},"35":{"start":{"line":213,"column":4},"end":{"line":213,"column":86}},"36":{"start":{"line":217,"column":21},"end":{"line":217,"column":34}},"37":{"start":{"line":218,"column":4},"end":{"line":218,"column":88}},"38":{"start":{"line":222,"column":21},"end":{"line":222,"column":47}},"39":{"start":{"line":223,"column":4},"end":{"line":223,"column":73}}},"fnMap":{"0":{"name":"(anonymous_0)","decl":{"start":{"line":98,"column":2},"end":{"line":98,"column":3}},"loc":{"start":{"line":98,"column":43},"end":{"line":101,"column":3}},"line":98},"1":{"name":"(anonymous_1)","decl":{"start":{"line":103,"column":2},"end":{"line":103,"column":3}},"loc":{"start":{"line":109,"column":16},"end":{"line":179,"column":3}},"line":109},"2":{"name":"(anonymous_2)","decl":{"start":{"line":112,"column":34},"end":{"line":112,"column":35}},"loc":{"start":{"line":112,"column":41},"end":{"line":112,"column":82}},"line":112},"3":{"name":"(anonymous_3)","decl":{"start":{"line":181,"column":2},"end":{"line":181,"column":3}},"loc":{"start":{"line":184,"column":61},"end":{"line":202,"column":3}},"line":184},"4":{"name":"(anonymous_4)","decl":{"start":{"line":204,"column":2},"end":{"line":204,"column":3}},"loc":{"start":{"line":206,"column":61},"end":{"line":209,"column":3}},"line":206},"5":{"name":"(anonymous_5)","decl":{"start":{"line":211,"column":2},"end":{"line":211,"column":3}},"loc":{"start":{"line":211,"column":91},"end":{"line":214,"column":3}},"line":211},"6":{"name":"(anonymous_6)","decl":{"start":{"line":216,"column":2},"end":{"line":216,"column":3}},"loc":{"start":{"line":216,"column":95},"end":{"line":219,"column":3}},"line":216},"7":{"name":"(anonymous_7)","decl":{"start":{"line":221,"column":2},"end":{"line":221,"column":3}},"loc":{"start":{"line":221,"column":97},"end":{"line":224,"column":3}},"line":221}},"branchMap":{"0":{"loc":{"start":{"line":100,"column":19},"end":{"line":100,"column":49}},"type":"binary-expr","locations":[{"start":{"line":100,"column":19},"end":{"line":100,"column":33}},{"start":{"line":100,"column":37},"end":{"line":100,"column":49}}],"line":100},"1":{"loc":{"start":{"line":105,"column":4},"end":{"line":105,"column":53}},"type":"default-arg","locations":[{"start":{"line":105,"column":48},"end":{"line":105,"column":53}}],"line":105},"2":{"loc":{"start":{"line":111,"column":4},"end":{"line":113,"column":5}},"type":"if","locations":[{"start":{"line":111,"column":4},"end":{"line":113,"column":5}},{"start":{},"end":{}}],"line":111},"3":{"loc":{"start":{"line":121,"column":4},"end":{"line":123,"column":5}},"type":"if","locations":[{"start":{"line":121,"column":4},"end":{"line":123,"column":5}},{"start":{},"end":{}}],"line":121},"4":{"loc":{"start":{"line":130,"column":4},"end":{"line":132,"column":5}},"type":"if","locations":[{"start":{"line":130,"column":4},"end":{"line":132,"column":5}},{"start":{},"end":{}}],"line":130},"5":{"loc":{"start":{"line":130,"column":8},"end":{"line":130,"column":55}},"type":"binary-expr","locations":[{"start":{"line":130,"column":8},"end":{"line":130,"column":12}},{"start":{"line":130,"column":17},"end":{"line":130,"column":34}},{"start":{"line":130,"column":38},"end":{"line":130,"column":54}}],"line":130},"6":{"loc":{"start":{"line":137,"column":6},"end":{"line":152,"column":7}},"type":"if","locations":[{"start":{"line":137,"column":6},"end":{"line":152,"column":7}},{"start":{},"end":{}}],"line":137},"7":{"loc":{"start":{"line":154,"column":6},"end":{"line":157,"column":7}},"type":"if","locations":[{"start":{"line":154,"column":6},"end":{"line":157,"column":7}},{"start":{},"end":{}}],"line":154},"8":{"loc":{"start":{"line":183,"column":4},"end":{"line":183,"column":44}},"type":"default-arg","locations":[{"start":{"line":183,"column":42},"end":{"line":183,"column":44}}],"line":183},"9":{"loc":{"start":{"line":188,"column":4},"end":{"line":193,"column":5}},"type":"if","locations":[{"start":{"line":188,"column":4},"end":{"line":193,"column":5}},{"start":{"line":190,"column":11},"end":{"line":193,"column":5}}],"line":188},"10":{"loc":{"start":{"line":190,"column":11},"end":{"line":193,"column":5}},"type":"if","locations":[{"start":{"line":190,"column":11},"end":{"line":193,"column":5}},{"start":{},"end":{}}],"line":190}},"s":{"0":1,"1":5,"2":5,"3":4,"4":4,"5":4,"6":8,"7":4,"8":4,"9":1,"10":4,"11":4,"12":0,"13":4,"14":4,"15":4,"16":1,"17":1,"18":1,"19":3,"20":0,"21":3,"22":3,"23":1,"24":1,"25":4,"26":4,"27":4,"28":1,"29":3,"30":3,"31":4,"32":0,"33":0,"34":0,"35":0,"36":0,"37":0,"38":0,"39":0},"f":{"0":5,"1":4,"2":8,"3":4,"4":0,"5":0,"6":0,"7":0},"b":{"0":[5,0],"1":[0],"2":[4,0],"3":[1,3],"4":[0,4],"5":[4,0,0],"6":[1,3],"7":[0,3],"8":[4],"9":[1,3],"10":[3,0]},"_coverageSchema":"1a1c01bbd47fc00a2c39e90264f33305004495a9","hash":"04c6779e4539ab5ca34f84ec031cabfcff646db5"}
,"C:\\Users\\bcmad\\OneDrive\\Desktop\\Alpha1\\UltimateSportsBettingApp\\frontend\\src\\components\\PayoutPreview.tsx": {"path":"C:\\Users\\bcmad\\OneDrive\\Desktop\\Alpha1\\UltimateSportsBettingApp\\frontend\\src\\components\\PayoutPreview.tsx","statementMap":{"0":{"start":{"line":10,"column":64},"end":{"line":16,"column":55}},"1":{"start":{"line":10,"column":94},"end":{"line":16,"column":1}},"2":{"start":{"line":18,"column":79},"end":{"line":32,"column":74}},"3":{"start":{"line":20,"column":28},"end":{"line":32,"column":1}},"4":{"start":{"line":35,"column":2},"end":{"line":41,"column":3}},"5":{"start":{"line":35,"column":69},"end":{"line":39,"column":3}},"6":{"start":{"line":52,"column":4},"end":{"line":65,"column":1}},"7":{"start":{"line":52,"column":67},"end":{"line":56,"column":1}},"8":{"start":{"line":71,"column":59},"end":{"line":193,"column":1}},"9":{"start":{"line":72,"column":24},"end":{"line":72,"column":80}},"10":{"start":{"line":72,"column":48},"end":{"line":72,"column":79}},"11":{"start":{"line":73,"column":39},"end":{"line":73,"column":60}},"12":{"start":{"line":74,"column":44},"end":{"line":74,"column":76}},"13":{"start":{"line":75,"column":46},"end":{"line":75,"column":82}},"14":{"start":{"line":78,"column":16},"end":{"line":78,"column":121}},"15":{"start":{"line":79,"column":2},"end":{"line":88,"column":5}},"16":{"start":{"line":81,"column":6},"end":{"line":83,"column":7}},"17":{"start":{"line":84,"column":6},"end":{"line":86,"column":7}},"18":{"start":{"line":85,"column":8},"end":{"line":85,"column":73}},"19":{"start":{"line":90,"column":2},"end":{"line":118,"column":22}},"20":{"start":{"line":91,"column":4},"end":{"line":117,"column":5}},"21":{"start":{"line":92,"column":31},"end":{"line":92,"column":48}},"22":{"start":{"line":93,"column":32},"end":{"line":93,"column":53}},"23":{"start":{"line":94,"column":6},"end":{"line":97,"column":7}},"24":{"start":{"line":95,"column":8},"end":{"line":95,"column":49}},"25":{"start":{"line":96,"column":8},"end":{"line":96,"column":76}},"26":{"start":{"line":98,"column":6},"end":{"line":101,"column":7}},"27":{"start":{"line":99,"column":8},"end":{"line":99,"column":44}},"28":{"start":{"line":100,"column":8},"end":{"line":100,"column":66}},"29":{"start":{"line":102,"column":6},"end":{"line":105,"column":7}},"30":{"start":{"line":103,"column":8},"end":{"line":103,"column":52}},"31":{"start":{"line":104,"column":8},"end":{"line":104,"column":82}},"32":{"start":{"line":106,"column":6},"end":{"line":109,"column":7}},"33":{"start":{"line":107,"column":8},"end":{"line":107,"column":47}},"34":{"start":{"line":108,"column":8},"end":{"line":108,"column":72}},"35":{"start":{"line":110,"column":6},"end":{"line":110,"column":41}},"36":{"start":{"line":111,"column":6},"end":{"line":111,"column":43}},"37":{"start":{"line":112,"column":22},"end":{"line":115,"column":7}},"38":{"start":{"line":113,"column":14},"end":{"line":113,"column":41}},"39":{"start":{"line":116,"column":6},"end":{"line":116,"column":41}},"40":{"start":{"line":116,"column":19},"end":{"line":116,"column":40}},"41":{"start":{"line":120,"column":2},"end":{"line":128,"column":3}},"42":{"start":{"line":121,"column":4},"end":{"line":127,"column":6}},"43":{"start":{"line":130,"column":25},"end":{"line":133,"column":3}},"44":{"start":{"line":132,"column":4},"end":{"line":132,"column":78}},"45":{"start":{"line":135,"column":2},"end":{"line":192,"column":4}}},"fnMap":{"0":{"name":"(anonymous_0)","decl":{"start":{"line":10,"column":78},"end":{"line":10,"column":79}},"loc":{"start":{"line":10,"column":94},"end":{"line":16,"column":1}},"line":10},"1":{"name":"(anonymous_1)","decl":{"start":{"line":20,"column":3},"end":{"line":20,"column":4}},"loc":{"start":{"line":20,"column":28},"end":{"line":32,"column":1}},"line":20},"2":{"name":"(anonymous_2)","decl":{"start":{"line":35,"column":44},"end":{"line":35,"column":45}},"loc":{"start":{"line":35,"column":69},"end":{"line":39,"column":3}},"line":35},"3":{"name":"(anonymous_3)","decl":{"start":{"line":52,"column":42},"end":{"line":52,"column":43}},"loc":{"start":{"line":52,"column":67},"end":{"line":56,"column":1}},"line":52},"4":{"name":"(anonymous_4)","decl":{"start":{"line":71,"column":59},"end":{"line":71,"column":60}},"loc":{"start":{"line":71,"column":76},"end":{"line":193,"column":1}},"line":71},"5":{"name":"(anonymous_5)","decl":{"start":{"line":72,"column":39},"end":{"line":72,"column":40}},"loc":{"start":{"line":72,"column":48},"end":{"line":72,"column":79}},"line":72},"6":{"name":"(anonymous_6)","decl":{"start":{"line":80,"column":15},"end":{"line":80,"column":16}},"loc":{"start":{"line":80,"column":42},"end":{"line":87,"column":5}},"line":80},"7":{"name":"(anonymous_7)","decl":{"start":{"line":90,"column":12},"end":{"line":90,"column":13}},"loc":{"start":{"line":90,"column":18},"end":{"line":118,"column":3}},"line":90},"8":{"name":"(anonymous_8)","decl":{"start":{"line":113,"column":8},"end":{"line":113,"column":9}},"loc":{"start":{"line":113,"column":14},"end":{"line":113,"column":41}},"line":113},"9":{"name":"(anonymous_9)","decl":{"start":{"line":116,"column":13},"end":{"line":116,"column":14}},"loc":{"start":{"line":116,"column":19},"end":{"line":116,"column":40}},"line":116},"10":{"name":"(anonymous_10)","decl":{"start":{"line":130,"column":25},"end":{"line":130,"column":26}},"loc":{"start":{"line":130,"column":31},"end":{"line":133,"column":3}},"line":130}},"branchMap":{"0":{"loc":{"start":{"line":29,"column":19},"end":{"line":29,"column":72}},"type":"cond-expr","locations":[{"start":{"line":29,"column":29},"end":{"line":29,"column":56}},{"start":{"line":29,"column":59},"end":{"line":29,"column":72}}],"line":29},"1":{"loc":{"start":{"line":31,"column":13},"end":{"line":31,"column":91}},"type":"cond-expr","locations":[{"start":{"line":31,"column":23},"end":{"line":31,"column":82}},{"start":{"line":31,"column":85},"end":{"line":31,"column":91}}],"line":31},"2":{"loc":{"start":{"line":36,"column":16},"end":{"line":36,"column":43}},"type":"cond-expr","locations":[{"start":{"line":36,"column":26},"end":{"line":36,"column":32}},{"start":{"line":36,"column":35},"end":{"line":36,"column":43}}],"line":36},"3":{"loc":{"start":{"line":38,"column":15},"end":{"line":38,"column":93}},"type":"cond-expr","locations":[{"start":{"line":38,"column":25},"end":{"line":38,"column":84}},{"start":{"line":38,"column":87},"end":{"line":38,"column":93}}],"line":38},"4":{"loc":{"start":{"line":55,"column":13},"end":{"line":55,"column":91}},"type":"cond-expr","locations":[{"start":{"line":55,"column":23},"end":{"line":55,"column":82}},{"start":{"line":55,"column":85},"end":{"line":55,"column":91}}],"line":55},"5":{"loc":{"start":{"line":78,"column":19},"end":{"line":78,"column":77}},"type":"binary-expr","locations":[{"start":{"line":78,"column":19},"end":{"line":78,"column":49}},{"start":{"line":78,"column":53},"end":{"line":78,"column":77}}],"line":78},"6":{"loc":{"start":{"line":81,"column":6},"end":{"line":83,"column":7}},"type":"if","locations":[{"start":{"line":81,"column":6},"end":{"line":83,"column":7}},{"start":{},"end":{}}],"line":81},"7":{"loc":{"start":{"line":81,"column":10},"end":{"line":81,"column":70}},"type":"binary-expr","locations":[{"start":{"line":81,"column":10},"end":{"line":81,"column":37}},{"start":{"line":81,"column":41},"end":{"line":81,"column":70}}],"line":81},"8":{"loc":{"start":{"line":84,"column":6},"end":{"line":86,"column":7}},"type":"if","locations":[{"start":{"line":84,"column":6},"end":{"line":86,"column":7}},{"start":{},"end":{}}],"line":84},"9":{"loc":{"start":{"line":84,"column":10},"end":{"line":84,"column":72}},"type":"binary-expr","locations":[{"start":{"line":84,"column":10},"end":{"line":84,"column":39}},{"start":{"line":84,"column":43},"end":{"line":84,"column":72}}],"line":84},"10":{"loc":{"start":{"line":91,"column":4},"end":{"line":117,"column":5}},"type":"if","locations":[{"start":{"line":91,"column":4},"end":{"line":117,"column":5}},{"start":{},"end":{}}],"line":91},"11":{"loc":{"start":{"line":94,"column":6},"end":{"line":97,"column":7}},"type":"if","locations":[{"start":{"line":94,"column":6},"end":{"line":97,"column":7}},{"start":{},"end":{}}],"line":94},"12":{"loc":{"start":{"line":98,"column":6},"end":{"line":101,"column":7}},"type":"if","locations":[{"start":{"line":98,"column":6},"end":{"line":101,"column":7}},{"start":{},"end":{}}],"line":98},"13":{"loc":{"start":{"line":102,"column":6},"end":{"line":105,"column":7}},"type":"if","locations":[{"start":{"line":102,"column":6},"end":{"line":105,"column":7}},{"start":{},"end":{}}],"line":102},"14":{"loc":{"start":{"line":106,"column":6},"end":{"line":109,"column":7}},"type":"if","locations":[{"start":{"line":106,"column":6},"end":{"line":109,"column":7}},{"start":{},"end":{}}],"line":106},"15":{"loc":{"start":{"line":114,"column":8},"end":{"line":114,"column":48}},"type":"binary-expr","locations":[{"start":{"line":114,"column":8},"end":{"line":114,"column":41}},{"start":{"line":114,"column":45},"end":{"line":114,"column":48}}],"line":114},"16":{"loc":{"start":{"line":120,"column":2},"end":{"line":128,"column":3}},"type":"if","locations":[{"start":{"line":120,"column":2},"end":{"line":128,"column":3}},{"start":{},"end":{}}],"line":120},"17":{"loc":{"start":{"line":166,"column":17},"end":{"line":166,"column":81}},"type":"cond-expr","locations":[{"start":{"line":166,"column":52},"end":{"line":166,"column":66}},{"start":{"line":166,"column":69},"end":{"line":166,"column":81}}],"line":166}},"s":{"0":1,"1":0,"2":1,"3":0,"4":1,"5":0,"6":1,"7":0,"8":1,"9":0,"10":0,"11":0,"12":0,"13":0,"14":0,"15":0,"16":0,"17":0,"18":0,"19":0,"20":0,"21":0,"22":0,"23":0,"24":0,"25":0,"26":0,"27":0,"28":0,"29":0,"30":0,"31":0,"32":0,"33":0,"34":0,"35":0,"36":0,"37":0,"38":0,"39":0,"40":0,"41":0,"42":0,"43":0,"44":0,"45":0},"f":{"0":0,"1":0,"2":0,"3":0,"4":0,"5":0,"6":0,"7":0,"8":0,"9":0,"10":0},"b":{"0":[0,0],"1":[0,0],"2":[0,0],"3":[0,0],"4":[0,0],"5":[0,0],"6":[0,0],"7":[0,0],"8":[0,0],"9":[0,0],"10":[0,0],"11":[0,0],"12":[0,0],"13":[0,0],"14":[0,0],"15":[0,0],"16":[0,0],"17":[0,0]},"_coverageSchema":"1a1c01bbd47fc00a2c39e90264f33305004495a9","hash":"b9ed4d7cff8bb9bb4414c41be0e3a412a74916cb"}
,"C:\\Users\\bcmad\\OneDrive\\Desktop\\Alpha1\\UltimateSportsBettingApp\\frontend\\src\\components\\analytics\\RiskAssessmentMatrix.tsx": {"path":"C:\\Users\\bcmad\\OneDrive\\Desktop\\Alpha1\\UltimateSportsBettingApp\\frontend\\src\\components\\analytics\\RiskAssessmentMatrix.tsx","statementMap":{"0":{"start":{"line":4,"column":39},"end":{"line":21,"column":1}},"1":{"start":{"line":5,"column":22},"end":{"line":5,"column":79}},"2":{"start":{"line":5,"column":50},"end":{"line":5,"column":78}},"3":{"start":{"line":6,"column":21},"end":{"line":10,"column":34}},"4":{"start":{"line":7,"column":16},"end":{"line":7,"column":60}},"5":{"start":{"line":8,"column":4},"end":{"line":8,"column":35}},"6":{"start":{"line":9,"column":4},"end":{"line":9,"column":15}},"7":{"start":{"line":11,"column":2},"end":{"line":20,"column":4}},"8":{"start":{"line":16,"column":10},"end":{"line":16,"column":43}}},"fnMap":{"0":{"name":"(anonymous_0)","decl":{"start":{"line":4,"column":39},"end":{"line":4,"column":40}},"loc":{"start":{"line":4,"column":45},"end":{"line":21,"column":1}},"line":4},"1":{"name":"(anonymous_1)","decl":{"start":{"line":5,"column":41},"end":{"line":5,"column":42}},"loc":{"start":{"line":5,"column":50},"end":{"line":5,"column":78}},"line":5},"2":{"name":"(anonymous_2)","decl":{"start":{"line":6,"column":40},"end":{"line":6,"column":41}},"loc":{"start":{"line":6,"column":52},"end":{"line":10,"column":3}},"line":6},"3":{"name":"(anonymous_3)","decl":{"start":{"line":15,"column":40},"end":{"line":15,"column":41}},"loc":{"start":{"line":16,"column":10},"end":{"line":16,"column":43}},"line":16}},"branchMap":{"0":{"loc":{"start":{"line":7,"column":16},"end":{"line":7,"column":60}},"type":"binary-expr","locations":[{"start":{"line":7,"column":16},"end":{"line":7,"column":47}},{"start":{"line":7,"column":51},"end":{"line":7,"column":60}}],"line":7},"1":{"loc":{"start":{"line":8,"column":16},"end":{"line":8,"column":29}},"type":"binary-expr","locations":[{"start":{"line":8,"column":16},"end":{"line":8,"column":24}},{"start":{"line":8,"column":28},"end":{"line":8,"column":29}}],"line":8}},"s":{"0":1,"1":5,"2":0,"3":5,"4":0,"5":0,"6":0,"7":0,"8":0},"f":{"0":5,"1":0,"2":0,"3":0},"b":{"0":[0,0],"1":[0,0]},"_coverageSchema":"1a1c01bbd47fc00a2c39e90264f33305004495a9","hash":"2b906e37438cd15e68c6d5e93c0387454c8d69b8"}
,"C:\\Users\\bcmad\\OneDrive\\Desktop\\Alpha1\\UltimateSportsBettingApp\\frontend\\src\\components\\analytics\\ShapExplanation.tsx": {"path":"C:\\Users\\bcmad\\OneDrive\\Desktop\\Alpha1\\UltimateSportsBettingApp\\frontend\\src\\components\\analytics\\ShapExplanation.tsx","statementMap":{"0":{"start":{"line":4,"column":55},"end":{"line":18,"column":1}},"1":{"start":{"line":5,"column":21},"end":{"line":5,"column":83}},"2":{"start":{"line":5,"column":49},"end":{"line":5,"column":82}},"3":{"start":{"line":6,"column":15},"end":{"line":6,"column":42}},"4":{"start":{"line":7,"column":2},"end":{"line":7,"column":55}},"5":{"start":{"line":7,"column":13},"end":{"line":7,"column":55}},"6":{"start":{"line":8,"column":2},"end":{"line":17,"column":4}},"7":{"start":{"line":13,"column":10},"end":{"line":13,"column":57}}},"fnMap":{"0":{"name":"(anonymous_0)","decl":{"start":{"line":4,"column":55},"end":{"line":4,"column":56}},"loc":{"start":{"line":4,"column":72},"end":{"line":18,"column":1}},"line":4},"1":{"name":"(anonymous_1)","decl":{"start":{"line":5,"column":40},"end":{"line":5,"column":41}},"loc":{"start":{"line":5,"column":49},"end":{"line":5,"column":82}},"line":5},"2":{"name":"(anonymous_2)","decl":{"start":{"line":12,"column":38},"end":{"line":12,"column":39}},"loc":{"start":{"line":13,"column":10},"end":{"line":13,"column":57}},"line":13}},"branchMap":{"0":{"loc":{"start":{"line":7,"column":2},"end":{"line":7,"column":55}},"type":"if","locations":[{"start":{"line":7,"column":2},"end":{"line":7,"column":55}},{"start":{},"end":{}}],"line":7}},"s":{"0":1,"1":1,"2":0,"3":1,"4":1,"5":1,"6":0,"7":0},"f":{"0":1,"1":0,"2":0},"b":{"0":[1,0]},"_coverageSchema":"1a1c01bbd47fc00a2c39e90264f33305004495a9","hash":"5fd28270a448bc3b10b05256d0e0baed7bed3703"}
,"C:\\Users\\bcmad\\OneDrive\\Desktop\\Alpha1\\UltimateSportsBettingApp\\frontend\\src\\components\\prediction\\BetRecommendationCard.tsx": {"path":"C:\\Users\\bcmad\\OneDrive\\Desktop\\Alpha1\\UltimateSportsBettingApp\\frontend\\src\\components\\prediction\\BetRecommendationCard.tsx","statementMap":{"0":{"start":{"line":20,"column":21},"end":{"line":31,"column":1}},"1":{"start":{"line":21,"column":2},"end":{"line":30,"column":3}},"2":{"start":{"line":23,"column":6},"end":{"line":23,"column":23}},"3":{"start":{"line":25,"column":6},"end":{"line":25,"column":23}},"4":{"start":{"line":27,"column":6},"end":{"line":27,"column":21}},"5":{"start":{"line":29,"column":6},"end":{"line":29,"column":23}},"6":{"start":{"line":33,"column":23},"end":{"line":38,"column":1}},"7":{"start":{"line":34,"column":2},"end":{"line":37,"column":20}},"8":{"start":{"line":40,"column":75},"end":{"line":117,"column":1}},"9":{"start":{"line":44,"column":80},"end":{"line":44,"column":94}},"10":{"start":{"line":46,"column":2},"end":{"line":116,"column":4}}},"fnMap":{"0":{"name":"(anonymous_0)","decl":{"start":{"line":20,"column":21},"end":{"line":20,"column":22}},"loc":{"start":{"line":20,"column":44},"end":{"line":31,"column":1}},"line":20},"1":{"name":"(anonymous_1)","decl":{"start":{"line":33,"column":23},"end":{"line":33,"column":24}},"loc":{"start":{"line":33,"column":43},"end":{"line":38,"column":1}},"line":33},"2":{"name":"(anonymous_2)","decl":{"start":{"line":40,"column":75},"end":{"line":40,"column":76}},"loc":{"start":{"line":43,"column":6},"end":{"line":117,"column":1}},"line":43}},"branchMap":{"0":{"loc":{"start":{"line":21,"column":2},"end":{"line":30,"column":3}},"type":"switch","locations":[{"start":{"line":22,"column":4},"end":{"line":23,"column":23}},{"start":{"line":24,"column":4},"end":{"line":25,"column":23}},{"start":{"line":26,"column":4},"end":{"line":27,"column":21}},{"start":{"line":28,"column":4},"end":{"line":29,"column":23}}],"line":21},"1":{"loc":{"start":{"line":85,"column":31},"end":{"line":85,"column":81}},"type":"cond-expr","locations":[{"start":{"line":85,"column":52},"end":{"line":85,"column":66}},{"start":{"line":85,"column":69},"end":{"line":85,"column":81}}],"line":85},"2":{"loc":{"start":{"line":108,"column":11},"end":{"line":112,"column":11}},"type":"binary-expr","locations":[{"start":{"line":108,"column":11},"end":{"line":108,"column":24}},{"start":{"line":109,"column":12},"end":{"line":111,"column":25}}],"line":108}},"s":{"0":1,"1":0,"2":0,"3":0,"4":0,"5":0,"6":1,"7":0,"8":1,"9":0,"10":0},"f":{"0":0,"1":0,"2":0},"b":{"0":[0,0,0,0],"1":[0,0],"2":[0,0]},"_coverageSchema":"1a1c01bbd47fc00a2c39e90264f33305004495a9","hash":"eaa9b39bd3ff037be078ea923862d6dac3957bbb"}
,"C:\\Users\\bcmad\\OneDrive\\Desktop\\Alpha1\\UltimateSportsBettingApp\\frontend\\src\\components\\prediction\\PredictionExplanationModal.tsx": {"path":"C:\\Users\\bcmad\\OneDrive\\Desktop\\Alpha1\\UltimateSportsBettingApp\\frontend\\src\\components\\prediction\\PredictionExplanationModal.tsx","statementMap":{"0":{"start":{"line":26,"column":85},"end":{"line":118,"column":1}},"1":{"start":{"line":31,"column":44},"end":{"line":31,"column":61}},"2":{"start":{"line":33,"column":28},"end":{"line":35,"column":3}},"3":{"start":{"line":34,"column":4},"end":{"line":34,"column":31}},"4":{"start":{"line":37,"column":2},"end":{"line":117,"column":4}},"5":{"start":{"line":89,"column":12},"end":{"line":93,"column":14}},"6":{"start":{"line":99,"column":12},"end":{"line":106,"column":18}}},"fnMap":{"0":{"name":"(anonymous_0)","decl":{"start":{"line":26,"column":85},"end":{"line":26,"column":86}},"loc":{"start":{"line":30,"column":6},"end":{"line":118,"column":1}},"line":30},"1":{"name":"(anonymous_1)","decl":{"start":{"line":33,"column":28},"end":{"line":33,"column":29}},"loc":{"start":{"line":33,"column":79},"end":{"line":35,"column":3}},"line":33},"2":{"name":"(anonymous_2)","decl":{"start":{"line":88,"column":39},"end":{"line":88,"column":40}},"loc":{"start":{"line":89,"column":12},"end":{"line":93,"column":14}},"line":89},"3":{"name":"(anonymous_3)","decl":{"start":{"line":98,"column":39},"end":{"line":98,"column":40}},"loc":{"start":{"line":99,"column":12},"end":{"line":106,"column":18}},"line":99}},"branchMap":{},"s":{"0":1,"1":0,"2":0,"3":0,"4":0,"5":0,"6":0},"f":{"0":0,"1":0,"2":0,"3":0},"b":{},"_coverageSchema":"1a1c01bbd47fc00a2c39e90264f33305004495a9","hash":"0b35672d2a4fa65fd555c047c92e65473a553d9d"}
,"C:\\Users\\bcmad\\OneDrive\\Desktop\\Alpha1\\UltimateSportsBettingApp\\frontend\\src\\components\\prediction\\ShapExplanation.tsx": {"path":"C:\\Users\\bcmad\\OneDrive\\Desktop\\Alpha1\\UltimateSportsBettingApp\\frontend\\src\\components\\prediction\\ShapExplanation.tsx","statementMap":{"0":{"start":{"line":57,"column":17},"end":{"line":70,"column":1}},"1":{"start":{"line":58,"column":47},"end":{"line":58,"column":52}},"2":{"start":{"line":59,"column":2},"end":{"line":69,"column":4}},"3":{"start":{"line":72,"column":63},"end":{"line":264,"column":1}},"4":{"start":{"line":76,"column":34},"end":{"line":76,"column":45}},"5":{"start":{"line":77,"column":53},"end":{"line":77,"column":64}},"6":{"start":{"line":80,"column":23},"end":{"line":86,"column":5}},"7":{"start":{"line":80,"column":73},"end":{"line":86,"column":3}},"8":{"start":{"line":88,"column":22},"end":{"line":93,"column":5}},"9":{"start":{"line":88,"column":72},"end":{"line":93,"column":3}},"10":{"start":{"line":95,"column":24},"end":{"line":110,"column":3}},"11":{"start":{"line":97,"column":24},"end":{"line":97,"column":84}},"12":{"start":{"line":98,"column":6},"end":{"line":107,"column":8}},"13":{"start":{"line":112,"column":26},"end":{"line":114,"column":3}},"14":{"start":{"line":113,"column":4},"end":{"line":113,"column":26}},"15":{"start":{"line":117,"column":27},"end":{"line":117,"column":65}},"16":{"start":{"line":117,"column":52},"end":{"line":117,"column":64}},"17":{"start":{"line":118,"column":27},"end":{"line":118,"column":65}},"18":{"start":{"line":118,"column":52},"end":{"line":118,"column":64}},"19":{"start":{"line":119,"column":22},"end":{"line":119,"column":82}},"20":{"start":{"line":119,"column":54},"end":{"line":119,"column":78}},"21":{"start":{"line":120,"column":22},"end":{"line":122,"column":16}},"22":{"start":{"line":121,"column":20},"end":{"line":121,"column":59}},"23":{"start":{"line":124,"column":2},"end":{"line":263,"column":4}},"24":{"start":{"line":151,"column":12},"end":{"line":156,"column":14}},"25":{"start":{"line":175,"column":31},"end":{"line":175,"column":64}},"26":{"start":{"line":176,"column":18},"end":{"line":179,"column":20}},"27":{"start":{"line":181,"column":51},"end":{"line":181,"column":70}},"28":{"start":{"line":191,"column":18},"end":{"line":195,"column":20}},"29":{"start":{"line":211,"column":31},"end":{"line":211,"column":63}},"30":{"start":{"line":212,"column":18},"end":{"line":215,"column":20}},"31":{"start":{"line":217,"column":51},"end":{"line":217,"column":70}},"32":{"start":{"line":222,"column":18},"end":{"line":226,"column":20}},"33":{"start":{"line":242,"column":31},"end":{"line":242,"column":65}},"34":{"start":{"line":243,"column":18},"end":{"line":246,"column":20}},"35":{"start":{"line":248,"column":51},"end":{"line":248,"column":70}}},"fnMap":{"0":{"name":"(anonymous_0)","decl":{"start":{"line":57,"column":17},"end":{"line":57,"column":18}},"loc":{"start":{"line":57,"column":43},"end":{"line":70,"column":1}},"line":57},"1":{"name":"(anonymous_1)","decl":{"start":{"line":72,"column":63},"end":{"line":72,"column":64}},"loc":{"start":{"line":75,"column":6},"end":{"line":264,"column":1}},"line":75},"2":{"name":"(anonymous_2)","decl":{"start":{"line":80,"column":63},"end":{"line":80,"column":64}},"loc":{"start":{"line":80,"column":73},"end":{"line":86,"column":3}},"line":80},"3":{"name":"(anonymous_3)","decl":{"start":{"line":88,"column":62},"end":{"line":88,"column":63}},"loc":{"start":{"line":88,"column":72},"end":{"line":93,"column":3}},"line":88},"4":{"name":"(anonymous_4)","decl":{"start":{"line":96,"column":4},"end":{"line":96,"column":5}},"loc":{"start":{"line":96,"column":27},"end":{"line":108,"column":5}},"line":96},"5":{"name":"(anonymous_5)","decl":{"start":{"line":112,"column":26},"end":{"line":112,"column":27}},"loc":{"start":{"line":112,"column":77},"end":{"line":114,"column":3}},"line":112},"6":{"name":"(anonymous_6)","decl":{"start":{"line":117,"column":47},"end":{"line":117,"column":48}},"loc":{"start":{"line":117,"column":52},"end":{"line":117,"column":64}},"line":117},"7":{"name":"(anonymous_7)","decl":{"start":{"line":118,"column":47},"end":{"line":118,"column":48}},"loc":{"start":{"line":118,"column":52},"end":{"line":118,"column":64}},"line":118},"8":{"name":"(anonymous_8)","decl":{"start":{"line":119,"column":42},"end":{"line":119,"column":43}},"loc":{"start":{"line":119,"column":54},"end":{"line":119,"column":78}},"line":119},"9":{"name":"(anonymous_9)","decl":{"start":{"line":121,"column":10},"end":{"line":121,"column":11}},"loc":{"start":{"line":121,"column":20},"end":{"line":121,"column":59}},"line":121},"10":{"name":"(anonymous_10)","decl":{"start":{"line":150,"column":27},"end":{"line":150,"column":28}},"loc":{"start":{"line":151,"column":12},"end":{"line":156,"column":14}},"line":151},"11":{"name":"(anonymous_11)","decl":{"start":{"line":174,"column":27},"end":{"line":174,"column":28}},"loc":{"start":{"line":174,"column":72},"end":{"line":180,"column":17}},"line":174},"12":{"name":"(anonymous_12)","decl":{"start":{"line":181,"column":32},"end":{"line":181,"column":33}},"loc":{"start":{"line":181,"column":51},"end":{"line":181,"column":70}},"line":181},"13":{"name":"(anonymous_13)","decl":{"start":{"line":190,"column":34},"end":{"line":190,"column":35}},"loc":{"start":{"line":191,"column":18},"end":{"line":195,"column":20}},"line":191},"14":{"name":"(anonymous_14)","decl":{"start":{"line":210,"column":27},"end":{"line":210,"column":28}},"loc":{"start":{"line":210,"column":72},"end":{"line":216,"column":17}},"line":210},"15":{"name":"(anonymous_15)","decl":{"start":{"line":217,"column":32},"end":{"line":217,"column":33}},"loc":{"start":{"line":217,"column":51},"end":{"line":217,"column":70}},"line":217},"16":{"name":"(anonymous_16)","decl":{"start":{"line":221,"column":33},"end":{"line":221,"column":34}},"loc":{"start":{"line":222,"column":18},"end":{"line":226,"column":20}},"line":222},"17":{"name":"(anonymous_17)","decl":{"start":{"line":241,"column":27},"end":{"line":241,"column":28}},"loc":{"start":{"line":241,"column":72},"end":{"line":247,"column":17}},"line":241},"18":{"name":"(anonymous_18)","decl":{"start":{"line":248,"column":32},"end":{"line":248,"column":33}},"loc":{"start":{"line":248,"column":51},"end":{"line":248,"column":70}},"line":248}},"branchMap":{"0":{"loc":{"start":{"line":67,"column":7},"end":{"line":67,"column":61}},"type":"binary-expr","locations":[{"start":{"line":67,"column":7},"end":{"line":67,"column":22}},{"start":{"line":67,"column":26},"end":{"line":67,"column":61}}],"line":67},"1":{"loc":{"start":{"line":74,"column":2},"end":{"line":74,"column":16}},"type":"default-arg","locations":[{"start":{"line":74,"column":14},"end":{"line":74,"column":16}}],"line":74},"2":{"loc":{"start":{"line":80,"column":24},"end":{"line":80,"column":57}},"type":"binary-expr","locations":[{"start":{"line":80,"column":24},"end":{"line":80,"column":51}},{"start":{"line":80,"column":55},"end":{"line":80,"column":57}}],"line":80},"3":{"loc":{"start":{"line":85,"column":16},"end":{"line":85,"column":39}},"type":"binary-expr","locations":[{"start":{"line":85,"column":16},"end":{"line":85,"column":32}},{"start":{"line":85,"column":36},"end":{"line":85,"column":39}}],"line":85},"4":{"loc":{"start":{"line":88,"column":23},"end":{"line":88,"column":56}},"type":"binary-expr","locations":[{"start":{"line":88,"column":23},"end":{"line":88,"column":50}},{"start":{"line":88,"column":54},"end":{"line":88,"column":56}}],"line":88},"5":{"loc":{"start":{"line":92,"column":16},"end":{"line":92,"column":39}},"type":"binary-expr","locations":[{"start":{"line":92,"column":16},"end":{"line":92,"column":32}},{"start":{"line":92,"column":36},"end":{"line":92,"column":39}}],"line":92},"6":{"loc":{"start":{"line":95,"column":25},"end":{"line":95,"column":58}},"type":"binary-expr","locations":[{"start":{"line":95,"column":25},"end":{"line":95,"column":52}},{"start":{"line":95,"column":56},"end":{"line":95,"column":58}}],"line":95},"7":{"loc":{"start":{"line":97,"column":24},"end":{"line":97,"column":84}},"type":"cond-expr","locations":[{"start":{"line":97,"column":38},"end":{"line":97,"column":63}},{"start":{"line":97,"column":66},"end":{"line":97,"column":84}}],"line":97},"8":{"loc":{"start":{"line":105,"column":22},"end":{"line":105,"column":45}},"type":"binary-expr","locations":[{"start":{"line":105,"column":22},"end":{"line":105,"column":38}},{"start":{"line":105,"column":42},"end":{"line":105,"column":45}}],"line":105},"9":{"loc":{"start":{"line":153,"column":21},"end":{"line":153,"column":61}},"type":"cond-expr","locations":[{"start":{"line":153,"column":42},"end":{"line":153,"column":51}},{"start":{"line":153,"column":54},"end":{"line":153,"column":61}}],"line":153},"10":{"loc":{"start":{"line":177,"column":50},"end":{"line":177,"column":91}},"type":"cond-expr","locations":[{"start":{"line":177,"column":68},"end":{"line":177,"column":78}},{"start":{"line":177,"column":81},"end":{"line":177,"column":91}}],"line":177},"11":{"loc":{"start":{"line":193,"column":26},"end":{"line":193,"column":66}},"type":"cond-expr","locations":[{"start":{"line":193,"column":45},"end":{"line":193,"column":54}},{"start":{"line":193,"column":57},"end":{"line":193,"column":66}}],"line":193},"12":{"loc":{"start":{"line":213,"column":50},"end":{"line":213,"column":91}},"type":"cond-expr","locations":[{"start":{"line":213,"column":68},"end":{"line":213,"column":78}},{"start":{"line":213,"column":81},"end":{"line":213,"column":91}}],"line":213},"13":{"loc":{"start":{"line":224,"column":26},"end":{"line":224,"column":66}},"type":"cond-expr","locations":[{"start":{"line":224,"column":45},"end":{"line":224,"column":54}},{"start":{"line":224,"column":57},"end":{"line":224,"column":66}}],"line":224},"14":{"loc":{"start":{"line":244,"column":50},"end":{"line":244,"column":91}},"type":"cond-expr","locations":[{"start":{"line":244,"column":68},"end":{"line":244,"column":78}},{"start":{"line":244,"column":81},"end":{"line":244,"column":91}}],"line":244}},"s":{"0":2,"1":0,"2":0,"3":2,"4":0,"5":0,"6":0,"7":0,"8":0,"9":0,"10":0,"11":0,"12":0,"13":0,"14":0,"15":0,"16":0,"17":0,"18":0,"19":0,"20":0,"21":0,"22":0,"23":0,"24":0,"25":0,"26":0,"27":0,"28":0,"29":0,"30":0,"31":0,"32":0,"33":0,"34":0,"35":0},"f":{"0":0,"1":0,"2":0,"3":0,"4":0,"5":0,"6":0,"7":0,"8":0,"9":0,"10":0,"11":0,"12":0,"13":0,"14":0,"15":0,"16":0,"17":0,"18":0},"b":{"0":[0,0],"1":[0],"2":[0,0],"3":[0,0],"4":[0,0],"5":[0,0],"6":[0,0],"7":[0,0],"8":[0,0],"9":[0,0],"10":[0,0],"11":[0,0],"12":[0,0],"13":[0,0],"14":[0,0]},"_coverageSchema":"1a1c01bbd47fc00a2c39e90264f33305004495a9","hash":"af2b748cc53cc2c9a5fc8927ed6d5b4500b43567"}
,"C:\\Users\\bcmad\\OneDrive\\Desktop\\Alpha1\\UltimateSportsBettingApp\\frontend\\src\\components\\predictions\\DailyFantasyIntegration.tsx": {"path":"C:\\Users\\bcmad\\OneDrive\\Desktop\\Alpha1\\UltimateSportsBettingApp\\frontend\\src\\components\\predictions\\DailyFantasyIntegration.tsx","statementMap":{"0":{"start":{"line":39,"column":79},"end":{"line":179,"column":1}},"1":{"start":{"line":44,"column":36},"end":{"line":44,"column":51}},"2":{"start":{"line":45,"column":28},"end":{"line":45,"column":57}},"3":{"start":{"line":46,"column":26},"end":{"line":46,"column":58}},"4":{"start":{"line":47,"column":30},"end":{"line":47,"column":42}},"5":{"start":{"line":48,"column":26},"end":{"line":48,"column":74}},"6":{"start":{"line":49,"column":17},"end":{"line":49,"column":28}},"7":{"start":{"line":50,"column":18},"end":{"line":50,"column":30}},"8":{"start":{"line":52,"column":2},"end":{"line":111,"column":65}},"9":{"start":{"line":53,"column":22},"end":{"line":108,"column":5}},"10":{"start":{"line":54,"column":6},"end":{"line":54,"column":26}},"11":{"start":{"line":54,"column":19},"end":{"line":54,"column":26}},"12":{"start":{"line":56,"column":6},"end":{"line":56,"column":25}},"13":{"start":{"line":57,"column":6},"end":{"line":57,"column":21}},"14":{"start":{"line":59,"column":6},"end":{"line":107,"column":7}},"15":{"start":{"line":60,"column":25},"end":{"line":71,"column":10}},"16":{"start":{"line":73,"column":8},"end":{"line":75,"column":9}},"17":{"start":{"line":74,"column":10},"end":{"line":74,"column":72}},"18":{"start":{"line":77,"column":28},"end":{"line":77,"column":49}},"19":{"start":{"line":80,"column":30},"end":{"line":83,"column":11}},"20":{"start":{"line":80,"column":77},"end":{"line":83,"column":9}},"21":{"start":{"line":85,"column":8},"end":{"line":85,"column":31}},"22":{"start":{"line":86,"column":8},"end":{"line":86,"column":36}},"23":{"start":{"line":88,"column":8},"end":{"line":92,"column":11}},"24":{"start":{"line":94,"column":8},"end":{"line":98,"column":11}},"25":{"start":{"line":101,"column":10},"end":{"line":101,"column":82}},"26":{"start":{"line":102,"column":8},"end":{"line":102,"column":31}},"27":{"start":{"line":103,"column":8},"end":{"line":103,"column":82}},"28":{"start":{"line":104,"column":8},"end":{"line":104,"column":54}},"29":{"start":{"line":106,"column":8},"end":{"line":106,"column":28}},"30":{"start":{"line":110,"column":4},"end":{"line":110,"column":16}},"31":{"start":{"line":113,"column":29},"end":{"line":115,"column":3}},"32":{"start":{"line":114,"column":4},"end":{"line":114,"column":34}},"33":{"start":{"line":117,"column":27},"end":{"line":119,"column":3}},"34":{"start":{"line":118,"column":4},"end":{"line":118,"column":60}},"35":{"start":{"line":121,"column":2},"end":{"line":178,"column":4}},"36":{"start":{"line":171,"column":45},"end":{"line":171,"column":75}}},"fnMap":{"0":{"name":"(anonymous_0)","decl":{"start":{"line":39,"column":79},"end":{"line":39,"column":80}},"loc":{"start":{"line":43,"column":6},"end":{"line":179,"column":1}},"line":43},"1":{"name":"(anonymous_1)","decl":{"start":{"line":52,"column":12},"end":{"line":52,"column":13}},"loc":{"start":{"line":52,"column":18},"end":{"line":111,"column":3}},"line":52},"2":{"name":"(anonymous_2)","decl":{"start":{"line":53,"column":22},"end":{"line":53,"column":23}},"loc":{"start":{"line":53,"column":34},"end":{"line":108,"column":5}},"line":53},"3":{"name":"(anonymous_3)","decl":{"start":{"line":80,"column":46},"end":{"line":80,"column":47}},"loc":{"start":{"line":80,"column":77},"end":{"line":83,"column":9}},"line":80},"4":{"name":"(anonymous_4)","decl":{"start":{"line":113,"column":29},"end":{"line":113,"column":30}},"loc":{"start":{"line":113,"column":77},"end":{"line":115,"column":3}},"line":113},"5":{"name":"(anonymous_5)","decl":{"start":{"line":117,"column":27},"end":{"line":117,"column":28}},"loc":{"start":{"line":117,"column":83},"end":{"line":119,"column":3}},"line":117},"6":{"name":"(anonymous_6)","decl":{"start":{"line":171,"column":28},"end":{"line":171,"column":29}},"loc":{"start":{"line":171,"column":45},"end":{"line":171,"column":75}},"line":171}},"branchMap":{"0":{"loc":{"start":{"line":54,"column":6},"end":{"line":54,"column":26}},"type":"if","locations":[{"start":{"line":54,"column":6},"end":{"line":54,"column":26}},{"start":{},"end":{}}],"line":54},"1":{"loc":{"start":{"line":73,"column":8},"end":{"line":75,"column":9}},"type":"if","locations":[{"start":{"line":73,"column":8},"end":{"line":75,"column":9}},{"start":{},"end":{}}],"line":73},"2":{"loc":{"start":{"line":101,"column":10},"end":{"line":101,"column":82}},"type":"cond-expr","locations":[{"start":{"line":101,"column":33},"end":{"line":101,"column":44}},{"start":{"line":101,"column":47},"end":{"line":101,"column":82}}],"line":101},"3":{"loc":{"start":{"line":150,"column":9},"end":{"line":154,"column":9}},"type":"binary-expr","locations":[{"start":{"line":150,"column":9},"end":{"line":150,"column":18}},{"start":{"line":151,"column":10},"end":{"line":153,"column":16}}],"line":150},"4":{"loc":{"start":{"line":156,"column":9},"end":{"line":160,"column":9}},"type":"binary-expr","locations":[{"start":{"line":156,"column":9},"end":{"line":156,"column":14}},{"start":{"line":157,"column":10},"end":{"line":159,"column":18}}],"line":156},"5":{"loc":{"start":{"line":162,"column":9},"end":{"line":175,"column":9}},"type":"binary-expr","locations":[{"start":{"line":162,"column":9},"end":{"line":162,"column":24}},{"start":{"line":163,"column":10},"end":{"line":174,"column":16}}],"line":162},"6":{"loc":{"start":{"line":171,"column":52},"end":{"line":171,"column":74}},"type":"binary-expr","locations":[{"start":{"line":171,"column":52},"end":{"line":171,"column":69}},{"start":{"line":171,"column":73},"end":{"line":171,"column":74}}],"line":171}},"s":{"0":1,"1":0,"2":0,"3":0,"4":0,"5":0,"6":0,"7":0,"8":0,"9":0,"10":0,"11":0,"12":0,"13":0,"14":0,"15":0,"16":0,"17":0,"18":0,"19":0,"20":0,"21":0,"22":0,"23":0,"24":0,"25":0,"26":0,"27":0,"28":0,"29":0,"30":0,"31":0,"32":0,"33":0,"34":0,"35":0,"36":0},"f":{"0":0,"1":0,"2":0,"3":0,"4":0,"5":0,"6":0},"b":{"0":[0,0],"1":[0,0],"2":[0,0],"3":[0,0],"4":[0,0],"5":[0,0],"6":[0,0]},"_coverageSchema":"1a1c01bbd47fc00a2c39e90264f33305004495a9","hash":"5f88dd209006a9ca90d0399d920ce439c3c86784"}
,"C:\\Users\\bcmad\\OneDrive\\Desktop\\Alpha1\\UltimateSportsBettingApp\\frontend\\src\\components\\predictions\\FantasyPredictionEnhancer.tsx": {"path":"C:\\Users\\bcmad\\OneDrive\\Desktop\\Alpha1\\UltimateSportsBettingApp\\frontend\\src\\components\\predictions\\FantasyPredictionEnhancer.tsx","statementMap":{"0":{"start":{"line":51,"column":83},"end":{"line":225,"column":1}},"1":{"start":{"line":56,"column":36},"end":{"line":56,"column":51}},"2":{"start":{"line":57,"column":28},"end":{"line":57,"column":57}},"3":{"start":{"line":58,"column":56},"end":{"line":67,"column":7}},"4":{"start":{"line":68,"column":17},"end":{"line":68,"column":28}},"5":{"start":{"line":69,"column":18},"end":{"line":69,"column":30}},"6":{"start":{"line":71,"column":2},"end":{"line":142,"column":73}},"7":{"start":{"line":72,"column":31},"end":{"line":139,"column":5}},"8":{"start":{"line":73,"column":6},"end":{"line":73,"column":61}},"9":{"start":{"line":73,"column":54},"end":{"line":73,"column":61}},"10":{"start":{"line":75,"column":6},"end":{"line":75,"column":25}},"11":{"start":{"line":76,"column":6},"end":{"line":76,"column":21}},"12":{"start":{"line":78,"column":6},"end":{"line":138,"column":7}},"13":{"start":{"line":80,"column":28},"end":{"line":117,"column":10}},"14":{"start":{"line":82,"column":34},"end":{"line":84,"column":13}},"15":{"start":{"line":83,"column":24},"end":{"line":83,"column":63}},"16":{"start":{"line":86,"column":12},"end":{"line":88,"column":13}},"17":{"start":{"line":87,"column":14},"end":{"line":87,"column":26}},"18":{"start":{"line":91,"column":33},"end":{"line":91,"column":62}},"19":{"start":{"line":94,"column":36},"end":{"line":99,"column":13}},"20":{"start":{"line":101,"column":12},"end":{"line":108,"column":14}},"21":{"start":{"line":119,"column":8},"end":{"line":119,"column":44}},"22":{"start":{"line":120,"column":8},"end":{"line":120,"column":43}},"23":{"start":{"line":122,"column":8},"end":{"line":125,"column":11}},"24":{"start":{"line":127,"column":8},"end":{"line":130,"column":11}},"25":{"start":{"line":132,"column":29},"end":{"line":132,"column":97}},"26":{"start":{"line":133,"column":8},"end":{"line":133,"column":31}},"27":{"start":{"line":134,"column":8},"end":{"line":134,"column":77}},"28":{"start":{"line":135,"column":8},"end":{"line":135,"column":58}},"29":{"start":{"line":137,"column":8},"end":{"line":137,"column":28}},"30":{"start":{"line":141,"column":4},"end":{"line":141,"column":25}},"31":{"start":{"line":144,"column":35},"end":{"line":172,"column":3}},"32":{"start":{"line":151,"column":30},"end":{"line":151,"column":50}},"33":{"start":{"line":152,"column":28},"end":{"line":152,"column":60}},"34":{"start":{"line":153,"column":28},"end":{"line":153,"column":57}},"35":{"start":{"line":154,"column":32},"end":{"line":154,"column":57}},"36":{"start":{"line":157,"column":20},"end":{"line":162,"column":5}},"37":{"start":{"line":165,"column":4},"end":{"line":171,"column":6}},"38":{"start":{"line":174,"column":2},"end":{"line":180,"column":3}},"39":{"start":{"line":175,"column":4},"end":{"line":179,"column":6}},"40":{"start":{"line":182,"column":2},"end":{"line":188,"column":3}},"41":{"start":{"line":183,"column":4},"end":{"line":187,"column":6}},"42":{"start":{"line":190,"column":2},"end":{"line":224,"column":4}},"43":{"start":{"line":209,"column":16},"end":{"line":217,"column":27}}},"fnMap":{"0":{"name":"(anonymous_0)","decl":{"start":{"line":51,"column":83},"end":{"line":51,"column":84}},"loc":{"start":{"line":55,"column":6},"end":{"line":225,"column":1}},"line":55},"1":{"name":"(anonymous_1)","decl":{"start":{"line":71,"column":12},"end":{"line":71,"column":13}},"loc":{"start":{"line":71,"column":18},"end":{"line":142,"column":3}},"line":71},"2":{"name":"(anonymous_2)","decl":{"start":{"line":72,"column":31},"end":{"line":72,"column":32}},"loc":{"start":{"line":72,"column":43},"end":{"line":139,"column":5}},"line":72},"3":{"name":"(anonymous_3)","decl":{"start":{"line":81,"column":15},"end":{"line":81,"column":16}},"loc":{"start":{"line":81,"column":29},"end":{"line":109,"column":11}},"line":81},"4":{"name":"(anonymous_4)","decl":{"start":{"line":83,"column":14},"end":{"line":83,"column":15}},"loc":{"start":{"line":83,"column":24},"end":{"line":83,"column":63}},"line":83},"5":{"name":"(anonymous_5)","decl":{"start":{"line":144,"column":35},"end":{"line":144,"column":36}},"loc":{"start":{"line":149,"column":15},"end":{"line":172,"column":3}},"line":149},"6":{"name":"(anonymous_6)","decl":{"start":{"line":208,"column":39},"end":{"line":208,"column":40}},"loc":{"start":{"line":209,"column":16},"end":{"line":217,"column":27}},"line":209}},"branchMap":{"0":{"loc":{"start":{"line":73,"column":6},"end":{"line":73,"column":61}},"type":"if","locations":[{"start":{"line":73,"column":6},"end":{"line":73,"column":61}},{"start":{},"end":{}}],"line":73},"1":{"loc":{"start":{"line":73,"column":10},"end":{"line":73,"column":52}},"type":"binary-expr","locations":[{"start":{"line":73,"column":10},"end":{"line":73,"column":29}},{"start":{"line":73,"column":33},"end":{"line":73,"column":52}}],"line":73},"2":{"loc":{"start":{"line":86,"column":12},"end":{"line":88,"column":13}},"type":"if","locations":[{"start":{"line":86,"column":12},"end":{"line":88,"column":13}},{"start":{},"end":{}}],"line":86},"3":{"loc":{"start":{"line":91,"column":33},"end":{"line":91,"column":62}},"type":"binary-expr","locations":[{"start":{"line":91,"column":33},"end":{"line":91,"column":57}},{"start":{"line":91,"column":61},"end":{"line":91,"column":62}}],"line":91},"4":{"loc":{"start":{"line":98,"column":14},"end":{"line":98,"column":52}},"type":"binary-expr","locations":[{"start":{"line":98,"column":14},"end":{"line":98,"column":47}},{"start":{"line":98,"column":51},"end":{"line":98,"column":52}}],"line":98},"5":{"loc":{"start":{"line":132,"column":29},"end":{"line":132,"column":97}},"type":"cond-expr","locations":[{"start":{"line":132,"column":52},"end":{"line":132,"column":63}},{"start":{"line":132,"column":66},"end":{"line":132,"column":97}}],"line":132},"6":{"loc":{"start":{"line":174,"column":2},"end":{"line":180,"column":3}},"type":"if","locations":[{"start":{"line":174,"column":2},"end":{"line":180,"column":3}},{"start":{},"end":{}}],"line":174},"7":{"loc":{"start":{"line":182,"column":2},"end":{"line":188,"column":3}},"type":"if","locations":[{"start":{"line":182,"column":2},"end":{"line":188,"column":3}},{"start":{},"end":{}}],"line":182}},"s":{"0":1,"1":0,"2":0,"3":0,"4":0,"5":0,"6":0,"7":0,"8":0,"9":0,"10":0,"11":0,"12":0,"13":0,"14":0,"15":0,"16":0,"17":0,"18":0,"19":0,"20":0,"21":0,"22":0,"23":0,"24":0,"25":0,"26":0,"27":0,"28":0,"29":0,"30":0,"31":0,"32":0,"33":0,"34":0,"35":0,"36":0,"37":0,"38":0,"39":0,"40":0,"41":0,"42":0,"43":0},"f":{"0":0,"1":0,"2":0,"3":0,"4":0,"5":0,"6":0},"b":{"0":[0,0],"1":[0,0],"2":[0,0],"3":[0,0],"4":[0,0],"5":[0,0],"6":[0,0],"7":[0,0]},"_coverageSchema":"1a1c01bbd47fc00a2c39e90264f33305004495a9","hash":"2c636ecee5c5e45af6f2d5cd2319299662e9ffba"}
,"C:\\Users\\bcmad\\OneDrive\\Desktop\\Alpha1\\UltimateSportsBettingApp\\frontend\\src\\components\\ui\\BankrollTracker.tsx": {"path":"C:\\Users\\bcmad\\OneDrive\\Desktop\\Alpha1\\UltimateSportsBettingApp\\frontend\\src\\components\\ui\\BankrollTracker.tsx","statementMap":{"0":{"start":{"line":7,"column":41},"end":{"line":30,"column":1}},"1":{"start":{"line":8,"column":16},"end":{"line":8,"column":48}},"2":{"start":{"line":8,"column":40},"end":{"line":8,"column":47}},"3":{"start":{"line":9,"column":23},"end":{"line":9,"column":62}},"4":{"start":{"line":9,"column":47},"end":{"line":9,"column":61}},"5":{"start":{"line":11,"column":2},"end":{"line":13,"column":21}},"6":{"start":{"line":12,"column":4},"end":{"line":12,"column":19}},"7":{"start":{"line":15,"column":2},"end":{"line":29,"column":4}}},"fnMap":{"0":{"name":"(anonymous_0)","decl":{"start":{"line":7,"column":41},"end":{"line":7,"column":42}},"loc":{"start":{"line":7,"column":47},"end":{"line":30,"column":1}},"line":7},"1":{"name":"(anonymous_1)","decl":{"start":{"line":8,"column":33},"end":{"line":8,"column":34}},"loc":{"start":{"line":8,"column":40},"end":{"line":8,"column":47}},"line":8},"2":{"name":"(anonymous_2)","decl":{"start":{"line":9,"column":40},"end":{"line":9,"column":41}},"loc":{"start":{"line":9,"column":47},"end":{"line":9,"column":61}},"line":9},"3":{"name":"(anonymous_3)","decl":{"start":{"line":11,"column":18},"end":{"line":11,"column":19}},"loc":{"start":{"line":11,"column":24},"end":{"line":13,"column":3}},"line":11}},"branchMap":{"0":{"loc":{"start":{"line":21,"column":41},"end":{"line":21,"column":97}},"type":"cond-expr","locations":[{"start":{"line":21,"column":64},"end":{"line":21,"column":80}},{"start":{"line":21,"column":83},"end":{"line":21,"column":97}}],"line":21}},"s":{"0":1,"1":1,"2":1,"3":1,"4":1,"5":1,"6":1,"7":1},"f":{"0":1,"1":1,"2":1,"3":1},"b":{"0":[1,0]},"_coverageSchema":"1a1c01bbd47fc00a2c39e90264f33305004495a9","hash":"6902430488eefcb7ea95d0868edcb58ea9378d96"}
,"C:\\Users\\bcmad\\OneDrive\\Desktop\\Alpha1\\UltimateSportsBettingApp\\frontend\\src\\components\\ui\\ConfidenceBandChart.tsx": {"path":"C:\\Users\\bcmad\\OneDrive\\Desktop\\Alpha1\\UltimateSportsBettingApp\\frontend\\src\\components\\ui\\ConfidenceBandChart.tsx","statementMap":{"0":{"start":{"line":11,"column":71},"end":{"line":32,"column":1}},"1":{"start":{"line":12,"column":2},"end":{"line":12,"column":76}},"2":{"start":{"line":12,"column":13},"end":{"line":12,"column":76}},"3":{"start":{"line":13,"column":50},"end":{"line":13,"column":54}},"4":{"start":{"line":15,"column":2},"end":{"line":31,"column":4}}},"fnMap":{"0":{"name":"(anonymous_0)","decl":{"start":{"line":11,"column":71},"end":{"line":11,"column":72}},"loc":{"start":{"line":11,"column":85},"end":{"line":32,"column":1}},"line":11}},"branchMap":{"0":{"loc":{"start":{"line":12,"column":2},"end":{"line":12,"column":76}},"type":"if","locations":[{"start":{"line":12,"column":2},"end":{"line":12,"column":76}},{"start":{},"end":{}}],"line":12}},"s":{"0":1,"1":0,"2":0,"3":0,"4":0},"f":{"0":0},"b":{"0":[0,0]},"_coverageSchema":"1a1c01bbd47fc00a2c39e90264f33305004495a9","hash":"36a6aa45d4666ec73dd8b80efbb667098a86d001"}
,"C:\\Users\\bcmad\\OneDrive\\Desktop\\Alpha1\\UltimateSportsBettingApp\\frontend\\src\\components\\ui\\EnhancedPropCard.tsx": {"path":"C:\\Users\\bcmad\\OneDrive\\Desktop\\Alpha1\\UltimateSportsBettingApp\\frontend\\src\\components\\ui\\EnhancedPropCard.tsx","statementMap":{"0":{"start":{"line":22,"column":14},"end":{"line":26,"column":1}},"1":{"start":{"line":23,"column":2},"end":{"line":25,"column":9}},"2":{"start":{"line":28,"column":65},"end":{"line":71,"column":1}},"3":{"start":{"line":44,"column":2},"end":{"line":70,"column":14}},"4":{"start":{"line":54,"column":33},"end":{"line":54,"column":51}},"5":{"start":{"line":55,"column":33},"end":{"line":55,"column":52}}},"fnMap":{"0":{"name":"(anonymous_0)","decl":{"start":{"line":22,"column":14},"end":{"line":22,"column":15}},"loc":{"start":{"line":23,"column":2},"end":{"line":25,"column":9}},"line":23},"1":{"name":"(anonymous_1)","decl":{"start":{"line":28,"column":65},"end":{"line":28,"column":66}},"loc":{"start":{"line":44,"column":2},"end":{"line":70,"column":14}},"line":44},"2":{"name":"(anonymous_2)","decl":{"start":{"line":54,"column":27},"end":{"line":54,"column":28}},"loc":{"start":{"line":54,"column":33},"end":{"line":54,"column":51}},"line":54},"3":{"name":"(anonymous_3)","decl":{"start":{"line":55,"column":27},"end":{"line":55,"column":28}},"loc":{"start":{"line":55,"column":33},"end":{"line":55,"column":52}},"line":55}},"branchMap":{"0":{"loc":{"start":{"line":41,"column":2},"end":{"line":41,"column":18}},"type":"default-arg","locations":[{"start":{"line":41,"column":13},"end":{"line":41,"column":18}}],"line":41},"1":{"loc":{"start":{"line":42,"column":2},"end":{"line":42,"column":16}},"type":"default-arg","locations":[{"start":{"line":42,"column":14},"end":{"line":42,"column":16}}],"line":42},"2":{"loc":{"start":{"line":44,"column":79},"end":{"line":44,"column":120}},"type":"cond-expr","locations":[{"start":{"line":44,"column":90},"end":{"line":44,"column":115}},{"start":{"line":44,"column":118},"end":{"line":44,"column":120}}],"line":44},"3":{"loc":{"start":{"line":47,"column":7},"end":{"line":47,"column":66}},"type":"binary-expr","locations":[{"start":{"line":47,"column":7},"end":{"line":47,"column":16}},{"start":{"line":47,"column":20},"end":{"line":47,"column":66}}],"line":47},"4":{"loc":{"start":{"line":54,"column":116},"end":{"line":54,"column":156}},"type":"cond-expr","locations":[{"start":{"line":54,"column":131},"end":{"line":54,"column":145}},{"start":{"line":54,"column":148},"end":{"line":54,"column":156}}],"line":54},"5":{"loc":{"start":{"line":55,"column":117},"end":{"line":55,"column":160}},"type":"cond-expr","locations":[{"start":{"line":55,"column":133},"end":{"line":55,"column":148}},{"start":{"line":55,"column":151},"end":{"line":55,"column":160}}],"line":55},"6":{"loc":{"start":{"line":58,"column":7},"end":{"line":58,"column":83}},"type":"binary-expr","locations":[{"start":{"line":58,"column":7},"end":{"line":58,"column":28}},{"start":{"line":58,"column":32},"end":{"line":58,"column":83}}],"line":58},"7":{"loc":{"start":{"line":59,"column":7},"end":{"line":59,"column":98}},"type":"binary-expr","locations":[{"start":{"line":59,"column":7},"end":{"line":59,"column":36}},{"start":{"line":59,"column":40},"end":{"line":59,"column":98}}],"line":59},"8":{"loc":{"start":{"line":60,"column":7},"end":{"line":60,"column":89}},"type":"binary-expr","locations":[{"start":{"line":60,"column":7},"end":{"line":60,"column":33}},{"start":{"line":60,"column":37},"end":{"line":60,"column":89}}],"line":60},"9":{"loc":{"start":{"line":61,"column":7},"end":{"line":61,"column":102}},"type":"binary-expr","locations":[{"start":{"line":61,"column":7},"end":{"line":61,"column":39}},{"start":{"line":61,"column":43},"end":{"line":61,"column":102}}],"line":61}},"s":{"0":1,"1":15,"2":1,"3":3,"4":1,"5":0},"f":{"0":15,"1":3,"2":1,"3":0},"b":{"0":[0],"1":[3],"2":[3,0],"3":[3,3],"4":[3,0],"5":[3,0],"6":[3,3],"7":[3,3],"8":[3,3],"9":[3,3]},"_coverageSchema":"1a1c01bbd47fc00a2c39e90264f33305004495a9","hash":"a36ae1342771128cefd707b2d55547e2297a1834"}
,"C:\\Users\\bcmad\\OneDrive\\Desktop\\Alpha1\\UltimateSportsBettingApp\\frontend\\src\\components\\ui\\GlassCard.tsx": {"path":"C:\\Users\\bcmad\\OneDrive\\Desktop\\Alpha1\\UltimateSportsBettingApp\\frontend\\src\\components\\ui\\GlassCard.tsx","statementMap":{"0":{"start":{"line":8,"column":51},"end":{"line":12,"column":1}},"1":{"start":{"line":9,"column":2},"end":{"line":11,"column":8}}},"fnMap":{"0":{"name":"(anonymous_0)","decl":{"start":{"line":8,"column":51},"end":{"line":8,"column":52}},"loc":{"start":{"line":9,"column":2},"end":{"line":11,"column":8}},"line":9}},"branchMap":{"0":{"loc":{"start":{"line":8,"column":54},"end":{"line":8,"column":68}},"type":"default-arg","locations":[{"start":{"line":8,"column":66},"end":{"line":8,"column":68}}],"line":8}},"s":{"0":2,"1":3},"f":{"0":3},"b":{"0":[0]},"_coverageSchema":"1a1c01bbd47fc00a2c39e90264f33305004495a9","hash":"ceb70ae0c4332f20384e422243505b532e1277a0"}
,"C:\\Users\\bcmad\\OneDrive\\Desktop\\Alpha1\\UltimateSportsBettingApp\\frontend\\src\\components\\ui\\GlowButton.tsx": {"path":"C:\\Users\\bcmad\\OneDrive\\Desktop\\Alpha1\\UltimateSportsBettingApp\\frontend\\src\\components\\ui\\GlowButton.tsx","statementMap":{"0":{"start":{"line":8,"column":53},"end":{"line":15,"column":1}},"1":{"start":{"line":9,"column":2},"end":{"line":14,"column":11}}},"fnMap":{"0":{"name":"(anonymous_0)","decl":{"start":{"line":8,"column":53},"end":{"line":8,"column":54}},"loc":{"start":{"line":9,"column":2},"end":{"line":14,"column":11}},"line":9}},"branchMap":{"0":{"loc":{"start":{"line":8,"column":66},"end":{"line":8,"column":80}},"type":"default-arg","locations":[{"start":{"line":8,"column":78},"end":{"line":8,"column":80}}],"line":8}},"s":{"0":1,"1":6},"f":{"0":6},"b":{"0":[0]},"_coverageSchema":"1a1c01bbd47fc00a2c39e90264f33305004495a9","hash":"5d2f82ac7786744d956c7a86e7f29c75a0c3ccdc"}
,"C:\\Users\\bcmad\\OneDrive\\Desktop\\Alpha1\\UltimateSportsBettingApp\\frontend\\src\\components\\ui\\PredictionSummaryCard.tsx": {"path":"C:\\Users\\bcmad\\OneDrive\\Desktop\\Alpha1\\UltimateSportsBettingApp\\frontend\\src\\components\\ui\\PredictionSummaryCard.tsx","statementMap":{"0":{"start":{"line":5,"column":17},"end":{"line":22,"column":1}},"1":{"start":{"line":6,"column":2},"end":{"line":21,"column":8}},"2":{"start":{"line":25,"column":74},"end":{"line":45,"column":1}},"3":{"start":{"line":26,"column":36},"end":{"line":26,"column":51}},"4":{"start":{"line":28,"column":2},"end":{"line":44,"column":4}},"5":{"start":{"line":31,"column":28},"end":{"line":31,"column":46}},"6":{"start":{"line":32,"column":28},"end":{"line":32,"column":47}},"7":{"start":{"line":79,"column":26},"end":{"line":90,"column":1}},"8":{"start":{"line":80,"column":2},"end":{"line":89,"column":3}},"9":{"start":{"line":82,"column":6},"end":{"line":82,"column":46}},"10":{"start":{"line":84,"column":6},"end":{"line":84,"column":48}},"11":{"start":{"line":86,"column":6},"end":{"line":86,"column":42}},"12":{"start":{"line":88,"column":6},"end":{"line":88,"column":44}},"13":{"start":{"line":92,"column":71},"end":{"line":336,"column":1}},"14":{"start":{"line":108,"column":6},"end":{"line":108,"column":11}},"15":{"start":{"line":110,"column":36},"end":{"line":110,"column":51}},"16":{"start":{"line":113,"column":24},"end":{"line":118,"column":4}},"17":{"start":{"line":120,"column":29},"end":{"line":123,"column":22}},"18":{"start":{"line":121,"column":4},"end":{"line":121,"column":24}},"19":{"start":{"line":122,"column":4},"end":{"line":122,"column":23}},"20":{"start":{"line":125,"column":29},"end":{"line":128,"column":22}},"21":{"start":{"line":126,"column":4},"end":{"line":126,"column":24}},"22":{"start":{"line":127,"column":4},"end":{"line":127,"column":23}},"23":{"start":{"line":131,"column":22},"end":{"line":131,"column":63}},"24":{"start":{"line":134,"column":26},"end":{"line":141,"column":38}},"25":{"start":{"line":135,"column":4},"end":{"line":135,"column":24}},"26":{"start":{"line":136,"column":4},"end":{"line":140,"column":5}},"27":{"start":{"line":137,"column":6},"end":{"line":137,"column":23}},"28":{"start":{"line":138,"column":11},"end":{"line":140,"column":5}},"29":{"start":{"line":139,"column":6},"end":{"line":139,"column":23}},"30":{"start":{"line":144,"column":24},"end":{"line":153,"column":3}},"31":{"start":{"line":145,"column":4},"end":{"line":152,"column":5}},"32":{"start":{"line":146,"column":6},"end":{"line":146,"column":25}},"33":{"start":{"line":147,"column":6},"end":{"line":151,"column":7}},"34":{"start":{"line":148,"column":8},"end":{"line":148,"column":25}},"35":{"start":{"line":149,"column":13},"end":{"line":151,"column":7}},"36":{"start":{"line":150,"column":8},"end":{"line":150,"column":25}},"37":{"start":{"line":155,"column":2},"end":{"line":335,"column":4}},"38":{"start":{"line":160,"column":26},"end":{"line":160,"column":44}},"39":{"start":{"line":161,"column":26},"end":{"line":161,"column":45}}},"fnMap":{"0":{"name":"(anonymous_0)","decl":{"start":{"line":5,"column":17},"end":{"line":5,"column":18}},"loc":{"start":{"line":6,"column":2},"end":{"line":21,"column":8}},"line":6},"1":{"name":"(anonymous_1)","decl":{"start":{"line":25,"column":74},"end":{"line":25,"column":75}},"loc":{"start":{"line":25,"column":101},"end":{"line":45,"column":1}},"line":25},"2":{"name":"(anonymous_2)","decl":{"start":{"line":31,"column":22},"end":{"line":31,"column":23}},"loc":{"start":{"line":31,"column":28},"end":{"line":31,"column":46}},"line":31},"3":{"name":"(anonymous_3)","decl":{"start":{"line":32,"column":22},"end":{"line":32,"column":23}},"loc":{"start":{"line":32,"column":28},"end":{"line":32,"column":47}},"line":32},"4":{"name":"(anonymous_4)","decl":{"start":{"line":79,"column":26},"end":{"line":79,"column":27}},"loc":{"start":{"line":79,"column":65},"end":{"line":90,"column":1}},"line":79},"5":{"name":"(anonymous_5)","decl":{"start":{"line":92,"column":71},"end":{"line":92,"column":72}},"loc":{"start":{"line":92,"column":82},"end":{"line":336,"column":1}},"line":92},"6":{"name":"(anonymous_6)","decl":{"start":{"line":120,"column":41},"end":{"line":120,"column":42}},"loc":{"start":{"line":120,"column":66},"end":{"line":123,"column":3}},"line":120},"7":{"name":"(anonymous_7)","decl":{"start":{"line":125,"column":41},"end":{"line":125,"column":42}},"loc":{"start":{"line":125,"column":66},"end":{"line":128,"column":3}},"line":125},"8":{"name":"(anonymous_8)","decl":{"start":{"line":134,"column":38},"end":{"line":134,"column":39}},"loc":{"start":{"line":134,"column":63},"end":{"line":141,"column":3}},"line":134},"9":{"name":"(anonymous_9)","decl":{"start":{"line":144,"column":24},"end":{"line":144,"column":25}},"loc":{"start":{"line":144,"column":52},"end":{"line":153,"column":3}},"line":144},"10":{"name":"(anonymous_10)","decl":{"start":{"line":160,"column":20},"end":{"line":160,"column":21}},"loc":{"start":{"line":160,"column":26},"end":{"line":160,"column":44}},"line":160},"11":{"name":"(anonymous_11)","decl":{"start":{"line":161,"column":20},"end":{"line":161,"column":21}},"loc":{"start":{"line":161,"column":26},"end":{"line":161,"column":45}},"line":161}},"branchMap":{"0":{"loc":{"start":{"line":37,"column":7},"end":{"line":42,"column":7}},"type":"binary-expr","locations":[{"start":{"line":37,"column":7},"end":{"line":37,"column":16}},{"start":{"line":38,"column":8},"end":{"line":41,"column":14}}],"line":37},"1":{"loc":{"start":{"line":80,"column":2},"end":{"line":89,"column":3}},"type":"switch","locations":[{"start":{"line":81,"column":4},"end":{"line":82,"column":46}},{"start":{"line":83,"column":4},"end":{"line":84,"column":48}},{"start":{"line":85,"column":4},"end":{"line":86,"column":42}},{"start":{"line":87,"column":4},"end":{"line":88,"column":44}}],"line":80},"2":{"loc":{"start":{"line":102,"column":4},"end":{"line":102,"column":18}},"type":"default-arg","locations":[{"start":{"line":102,"column":16},"end":{"line":102,"column":18}}],"line":102},"3":{"loc":{"start":{"line":103,"column":4},"end":{"line":103,"column":28}},"type":"default-arg","locations":[{"start":{"line":103,"column":18},"end":{"line":103,"column":28}}],"line":103},"4":{"loc":{"start":{"line":104,"column":4},"end":{"line":104,"column":24}},"type":"default-arg","locations":[{"start":{"line":104,"column":16},"end":{"line":104,"column":24}}],"line":104},"5":{"loc":{"start":{"line":107,"column":4},"end":{"line":107,"column":22}},"type":"default-arg","locations":[{"start":{"line":107,"column":18},"end":{"line":107,"column":22}}],"line":107},"6":{"loc":{"start":{"line":131,"column":30},"end":{"line":131,"column":62}},"type":"binary-expr","locations":[{"start":{"line":131,"column":30},"end":{"line":131,"column":44}},{"start":{"line":131,"column":48},"end":{"line":131,"column":62}}],"line":131},"7":{"loc":{"start":{"line":136,"column":4},"end":{"line":140,"column":5}},"type":"if","locations":[{"start":{"line":136,"column":4},"end":{"line":140,"column":5}},{"start":{"line":138,"column":11},"end":{"line":140,"column":5}}],"line":136},"8":{"loc":{"start":{"line":138,"column":11},"end":{"line":140,"column":5}},"type":"if","locations":[{"start":{"line":138,"column":11},"end":{"line":140,"column":5}},{"start":{},"end":{}}],"line":138},"9":{"loc":{"start":{"line":145,"column":4},"end":{"line":152,"column":5}},"type":"if","locations":[{"start":{"line":145,"column":4},"end":{"line":152,"column":5}},{"start":{},"end":{}}],"line":145},"10":{"loc":{"start":{"line":145,"column":8},"end":{"line":145,"column":42}},"type":"binary-expr","locations":[{"start":{"line":145,"column":8},"end":{"line":145,"column":25}},{"start":{"line":145,"column":29},"end":{"line":145,"column":42}}],"line":145},"11":{"loc":{"start":{"line":147,"column":6},"end":{"line":151,"column":7}},"type":"if","locations":[{"start":{"line":147,"column":6},"end":{"line":151,"column":7}},{"start":{"line":149,"column":13},"end":{"line":151,"column":7}}],"line":147},"12":{"loc":{"start":{"line":149,"column":13},"end":{"line":151,"column":7}},"type":"if","locations":[{"start":{"line":149,"column":13},"end":{"line":151,"column":7}},{"start":{},"end":{}}],"line":149},"13":{"loc":{"start":{"line":158,"column":8},"end":{"line":158,"column":59}},"type":"cond-expr","locations":[{"start":{"line":158,"column":22},"end":{"line":158,"column":54}},{"start":{"line":158,"column":57},"end":{"line":158,"column":59}}],"line":158},"14":{"loc":{"start":{"line":162,"column":15},"end":{"line":162,"column":56}},"type":"cond-expr","locations":[{"start":{"line":162,"column":29},"end":{"line":162,"column":44}},{"start":{"line":162,"column":47},"end":{"line":162,"column":56}}],"line":162},"15":{"loc":{"start":{"line":163,"column":12},"end":{"line":163,"column":46}},"type":"cond-expr","locations":[{"start":{"line":163,"column":26},"end":{"line":163,"column":34}},{"start":{"line":163,"column":37},"end":{"line":163,"column":46}}],"line":163},"16":{"loc":{"start":{"line":164,"column":16},"end":{"line":164,"column":36}},"type":"cond-expr","locations":[{"start":{"line":164,"column":30},"end":{"line":164,"column":31}},{"start":{"line":164,"column":34},"end":{"line":164,"column":36}}],"line":164},"17":{"loc":{"start":{"line":165,"column":17},"end":{"line":165,"column":56}},"type":"cond-expr","locations":[{"start":{"line":165,"column":31},"end":{"line":165,"column":44}},{"start":{"line":165,"column":47},"end":{"line":165,"column":56}}],"line":165},"18":{"loc":{"start":{"line":166,"column":44},"end":{"line":166,"column":72}},"type":"binary-expr","locations":[{"start":{"line":166,"column":44},"end":{"line":166,"column":53}},{"start":{"line":166,"column":57},"end":{"line":166,"column":72}}],"line":166},"19":{"loc":{"start":{"line":171,"column":9},"end":{"line":173,"column":9}},"type":"binary-expr","locations":[{"start":{"line":171,"column":9},"end":{"line":171,"column":18}},{"start":{"line":172,"column":10},"end":{"line":172,"column":131}}],"line":171},"20":{"loc":{"start":{"line":181,"column":13},"end":{"line":190,"column":13}},"type":"binary-expr","locations":[{"start":{"line":181,"column":13},"end":{"line":181,"column":22}},{"start":{"line":182,"column":14},"end":{"line":189,"column":20}}],"line":181},"21":{"loc":{"start":{"line":234,"column":52},"end":{"line":234,"column":103}},"type":"cond-expr","locations":[{"start":{"line":234,"column":67},"end":{"line":234,"column":83}},{"start":{"line":234,"column":86},"end":{"line":234,"column":103}}],"line":234},"22":{"loc":{"start":{"line":247,"column":52},"end":{"line":247,"column":102}},"type":"cond-expr","locations":[{"start":{"line":247,"column":69},"end":{"line":247,"column":85}},{"start":{"line":247,"column":88},"end":{"line":247,"column":102}}],"line":247},"23":{"loc":{"start":{"line":248,"column":17},"end":{"line":248,"column":42}},"type":"cond-expr","locations":[{"start":{"line":248,"column":34},"end":{"line":248,"column":37}},{"start":{"line":248,"column":40},"end":{"line":248,"column":42}}],"line":248},"24":{"loc":{"start":{"line":269,"column":13},"end":{"line":284,"column":13}},"type":"binary-expr","locations":[{"start":{"line":269,"column":13},"end":{"line":269,"column":37}},{"start":{"line":270,"column":14},"end":{"line":283,"column":20}}],"line":269},"25":{"loc":{"start":{"line":300,"column":17},"end":{"line":311,"column":17}},"type":"binary-expr","locations":[{"start":{"line":300,"column":17},"end":{"line":300,"column":31}},{"start":{"line":300,"column":35},"end":{"line":300,"column":46}},{"start":{"line":301,"column":18},"end":{"line":310,"column":27}}],"line":300},"26":{"loc":{"start":{"line":312,"column":17},"end":{"line":323,"column":17}},"type":"binary-expr","locations":[{"start":{"line":312,"column":17},"end":{"line":312,"column":31}},{"start":{"line":312,"column":35},"end":{"line":312,"column":46}},{"start":{"line":313,"column":18},"end":{"line":322,"column":27}}],"line":312},"27":{"loc":{"start":{"line":326,"column":13},"end":{"line":330,"column":13}},"type":"binary-expr","locations":[{"start":{"line":326,"column":13},"end":{"line":326,"column":22}},{"start":{"line":326,"column":26},"end":{"line":326,"column":37}},{"start":{"line":326,"column":41},"end":{"line":326,"column":55}},{"start":{"line":327,"column":14},"end":{"line":329,"column":20}}],"line":326}},"s":{"0":1,"1":0,"2":1,"3":0,"4":0,"5":0,"6":0,"7":1,"8":0,"9":0,"10":0,"11":0,"12":0,"13":1,"14":0,"15":0,"16":0,"17":0,"18":0,"19":0,"20":0,"21":0,"22":0,"23":0,"24":0,"25":0,"26":0,"27":0,"28":0,"29":0,"30":0,"31":0,"32":0,"33":0,"34":0,"35":0,"36":0,"37":0,"38":0,"39":0},"f":{"0":0,"1":0,"2":0,"3":0,"4":0,"5":0,"6":0,"7":0,"8":0,"9":0,"10":0,"11":0},"b":{"0":[0,0],"1":[0,0,0,0],"2":[0],"3":[0],"4":[0],"5":[0],"6":[0,0],"7":[0,0],"8":[0,0],"9":[0,0],"10":[0,0],"11":[0,0],"12":[0,0],"13":[0,0],"14":[0,0],"15":[0,0],"16":[0,0],"17":[0,0],"18":[0,0],"19":[0,0],"20":[0,0],"21":[0,0],"22":[0,0],"23":[0,0],"24":[0,0],"25":[0,0,0],"26":[0,0,0],"27":[0,0,0,0]},"_coverageSchema":"1a1c01bbd47fc00a2c39e90264f33305004495a9","hash":"87b6cae6f3c4cfa80a3d9c1f18e6ca4d57db0da0"}
,"C:\\Users\\bcmad\\OneDrive\\Desktop\\Alpha1\\UltimateSportsBettingApp\\frontend\\src\\config\\constants.ts": {"path":"C:\\Users\\bcmad\\OneDrive\\Desktop\\Alpha1\\UltimateSportsBettingApp\\frontend\\src\\config\\constants.ts","statementMap":{"0":{"start":{"line":2,"column":19},"end":{"line":20,"column":1}},"1":{"start":{"line":4,"column":2},"end":{"line":16,"column":3}},"2":{"start":{"line":5,"column":21},"end":{"line":5,"column":45}},"3":{"start":{"line":6,"column":21},"end":{"line":6,"column":45}},"4":{"start":{"line":7,"column":17},"end":{"line":7,"column":37}},"5":{"start":{"line":10,"column":4},"end":{"line":12,"column":5}},"6":{"start":{"line":11,"column":6},"end":{"line":11,"column":45}},"7":{"start":{"line":15,"column":4},"end":{"line":15,"column":63}},"8":{"start":{"line":19,"column":2},"end":{"line":19,"column":61}},"9":{"start":{"line":23,"column":28},"end":{"line":23,"column":40}},"10":{"start":{"line":26,"column":29},"end":{"line":30,"column":1}},"11":{"start":{"line":33,"column":25},"end":{"line":40,"column":1}},"12":{"start":{"line":37,"column":20},"end":{"line":37,"column":55}},"13":{"start":{"line":38,"column":4},"end":{"line":38,"column":27}},"14":{"start":{"line":43,"column":25},"end":{"line":47,"column":1}},"15":{"start":{"line":50,"column":25},"end":{"line":54,"column":1}}},"fnMap":{"0":{"name":"(anonymous_0)","decl":{"start":{"line":2,"column":19},"end":{"line":2,"column":20}},"loc":{"start":{"line":2,"column":25},"end":{"line":20,"column":1}},"line":2},"1":{"name":"(anonymous_1)","decl":{"start":{"line":36,"column":19},"end":{"line":36,"column":20}},"loc":{"start":{"line":36,"column":25},"end":{"line":39,"column":3}},"line":36}},"branchMap":{"0":{"loc":{"start":{"line":4,"column":2},"end":{"line":16,"column":3}},"type":"if","locations":[{"start":{"line":4,"column":2},"end":{"line":16,"column":3}},{"start":{},"end":{}}],"line":4},"1":{"loc":{"start":{"line":10,"column":4},"end":{"line":12,"column":5}},"type":"if","locations":[{"start":{"line":10,"column":4},"end":{"line":12,"column":5}},{"start":{},"end":{}}],"line":10},"2":{"loc":{"start":{"line":10,"column":8},"end":{"line":10,"column":60}},"type":"binary-expr","locations":[{"start":{"line":10,"column":8},"end":{"line":10,"column":32}},{"start":{"line":10,"column":36},"end":{"line":10,"column":60}}],"line":10},"3":{"loc":{"start":{"line":15,"column":38},"end":{"line":15,"column":60}},"type":"cond-expr","locations":[{"start":{"line":15,"column":45},"end":{"line":15,"column":55}},{"start":{"line":15,"column":58},"end":{"line":15,"column":60}}],"line":15},"4":{"loc":{"start":{"line":19,"column":9},"end":{"line":19,"column":60}},"type":"binary-expr","locations":[{"start":{"line":19,"column":9},"end":{"line":19,"column":33}},{"start":{"line":19,"column":37},"end":{"line":19,"column":60}}],"line":19}},"s":{"0":1,"1":1,"2":1,"3":1,"4":1,"5":1,"6":1,"7":0,"8":0,"9":1,"10":1,"11":1,"12":0,"13":0,"14":1,"15":1},"f":{"0":1,"1":0},"b":{"0":[1,0],"1":[1,0],"2":[1,0],"3":[0,0],"4":[0,0]},"_coverageSchema":"1a1c01bbd47fc00a2c39e90264f33305004495a9","hash":"f306aed66517139a32ae2e9848fa0b49e7b858b1"}
,"C:\\Users\\bcmad\\OneDrive\\Desktop\\Alpha1\\UltimateSportsBettingApp\\frontend\\src\\core\\UnifiedError.ts": {"path":"C:\\Users\\bcmad\\OneDrive\\Desktop\\Alpha1\\UltimateSportsBettingApp\\frontend\\src\\core\\UnifiedError.ts","statementMap":{"0":{"start":{"line":35,"column":4},"end":{"line":35,"column":19}},"1":{"start":{"line":36,"column":4},"end":{"line":36,"column":27}},"2":{"start":{"line":37,"column":4},"end":{"line":37,"column":27}},"3":{"start":{"line":38,"column":4},"end":{"line":38,"column":39}},"4":{"start":{"line":39,"column":4},"end":{"line":39,"column":54}},"5":{"start":{"line":49,"column":4},"end":{"line":49,"column":19}},"6":{"start":{"line":50,"column":4},"end":{"line":50,"column":27}},"7":{"start":{"line":51,"column":4},"end":{"line":51,"column":25}},"8":{"start":{"line":52,"column":4},"end":{"line":52,"column":29}},"9":{"start":{"line":53,"column":4},"end":{"line":53,"column":54}},"10":{"start":{"line":59,"column":4},"end":{"line":59,"column":43}},"11":{"start":{"line":60,"column":4},"end":{"line":60,"column":34}},"12":{"start":{"line":66,"column":4},"end":{"line":66,"column":43}},"13":{"start":{"line":67,"column":4},"end":{"line":67,"column":30}},"14":{"start":{"line":72,"column":30},"end":{"line":105,"column":1}},"15":{"start":{"line":75,"column":2},"end":{"line":81,"column":3}},"16":{"start":{"line":76,"column":4},"end":{"line":76,"column":21}},"17":{"start":{"line":77,"column":9},"end":{"line":81,"column":3}},"18":{"start":{"line":78,"column":4},"end":{"line":78,"column":65}},"19":{"start":{"line":80,"column":4},"end":{"line":80,"column":79}},"20":{"start":{"line":84,"column":2},"end":{"line":89,"column":5}},"21":{"start":{"line":92,"column":2},"end":{"line":100,"column":5}},"22":{"start":{"line":112,"column":38},"end":{"line":126,"column":1}},"23":{"start":{"line":113,"column":2},"end":{"line":118,"column":3}},"24":{"start":{"line":114,"column":4},"end":{"line":114,"column":83}},"25":{"start":{"line":114,"column":30},"end":{"line":114,"column":83}},"26":{"start":{"line":115,"column":4},"end":{"line":115,"column":90}},"27":{"start":{"line":115,"column":30},"end":{"line":115,"column":90}},"28":{"start":{"line":116,"column":4},"end":{"line":116,"column":103}},"29":{"start":{"line":116,"column":45},"end":{"line":116,"column":103}},"30":{"start":{"line":117,"column":4},"end":{"line":117,"column":53}},"31":{"start":{"line":119,"column":2},"end":{"line":121,"column":3}},"32":{"start":{"line":120,"column":4},"end":{"line":120,"column":45}},"33":{"start":{"line":122,"column":2},"end":{"line":124,"column":3}},"34":{"start":{"line":123,"column":4},"end":{"line":123,"column":61}},"35":{"start":{"line":125,"column":2},"end":{"line":125,"column":59}},"36":{"start":{"line":128,"column":28},"end":{"line":136,"column":1}}},"fnMap":{"0":{"name":"(anonymous_0)","decl":{"start":{"line":34,"column":2},"end":{"line":34,"column":3}},"loc":{"start":{"line":34,"column":76},"end":{"line":40,"column":3}},"line":34},"1":{"name":"(anonymous_1)","decl":{"start":{"line":48,"column":2},"end":{"line":48,"column":3}},"loc":{"start":{"line":48,"column":64},"end":{"line":54,"column":3}},"line":48},"2":{"name":"(anonymous_2)","decl":{"start":{"line":58,"column":2},"end":{"line":58,"column":3}},"loc":{"start":{"line":58,"column":76},"end":{"line":61,"column":3}},"line":58},"3":{"name":"(anonymous_3)","decl":{"start":{"line":65,"column":2},"end":{"line":65,"column":3}},"loc":{"start":{"line":65,"column":76},"end":{"line":68,"column":3}},"line":65},"4":{"name":"(anonymous_4)","decl":{"start":{"line":72,"column":30},"end":{"line":72,"column":31}},"loc":{"start":{"line":72,"column":82},"end":{"line":105,"column":1}},"line":72},"5":{"name":"(anonymous_5)","decl":{"start":{"line":112,"column":38},"end":{"line":112,"column":39}},"loc":{"start":{"line":112,"column":62},"end":{"line":126,"column":1}},"line":112}},"branchMap":{"0":{"loc":{"start":{"line":75,"column":2},"end":{"line":81,"column":3}},"type":"if","locations":[{"start":{"line":75,"column":2},"end":{"line":81,"column":3}},{"start":{"line":77,"column":9},"end":{"line":81,"column":3}}],"line":75},"1":{"loc":{"start":{"line":77,"column":9},"end":{"line":81,"column":3}},"type":"if","locations":[{"start":{"line":77,"column":9},"end":{"line":81,"column":3}},{"start":{"line":79,"column":9},"end":{"line":81,"column":3}}],"line":77},"2":{"loc":{"start":{"line":92,"column":26},"end":{"line":92,"column":60}},"type":"binary-expr","locations":[{"start":{"line":92,
[...]
,"C:\\Users\\bcmad\\OneDrive\\Desktop\\Alpha1\\UltimateSportsBettingApp\\frontend\\src\\store\\slices\\bankrollSlice.ts": {"path":"C:\\Users\\bcmad\\OneDrive\\Desktop\\Alpha1\\UltimateSportsBettingApp\\frontend\\src\\store\\slices\\bankrollSlice.ts","statementMap":{"0":{"start":{"line":17,"column":32},"end":{"line":71,"column":3}},"1":{"start":{"line":17,"column":69},"end":{"line":71,"column":1}},"2":{"start":{"line":19,"column":26},"end":{"line":19,"column":89}},"3":{"start":{"line":19,"column":42},"end":{"line":19,"column":87}},"4":{"start":{"line":26,"column":25},"end":{"line":26,"column":84}},"5":{"start":{"line":26,"column":41},"end":{"line":26,"column":82}},"6":{"start":{"line":42,"column":36},"end":{"line":42,"column":41}},"7":{"start":{"line":43,"column":17},"end":{"line":43,"column":59}},"8":{"start":{"line":43,"column":42},"end":{"line":43,"column":58}},"9":{"start":{"line":44,"column":19},"end":{"line":44,"column":62}},"10":{"start":{"line":44,"column":44},"end":{"line":44,"column":61}},"11":{"start":{"line":45,"column":17},"end":{"line":45,"column":59}},"12":{"start":{"line":45,"column":42},"end":{"line":45,"column":58}},"13":{"start":{"line":46,"column":22},"end":{"line":46,"column":64}},"14":{"start":{"line":46,"column":46},"end":{"line":46,"column":60}},"15":{"start":{"line":47,"column":24},"end":{"line":47,"column":68}},"16":{"start":{"line":47,"column":50},"end":{"line":47,"column":64}},"17":{"start":{"line":48,"column":22},"end":{"line":48,"column":45}},"18":{"start":{"line":49,"column":27},"end":{"line":49,"column":60}},"19":{"start":{"line":50,"column":20},"end":{"line":50,"column":63}},"20":{"start":{"line":51,"column":27},"end":{"line":51,"column":101}},"21":{"start":{"line":51,"column":65},"end":{"line":51,"column":79}},"22":{"start":{"line":52,"column":23},"end":{"line":52,"column":77}},"23":{"start":{"line":52,"column":63},"end":{"line":52,"column":71}},"24":{"start":{"line":53,"column":24},"end":{"line":53,"column":82}},"25":{"start":{"line":53,"column":68},"end":{"line":53,"column":76}},"26":{"start":{"line":54,"column":16},"end":{"line":54,"column":88}},"27":{"start":{"line":54,"column":66},"end":{"line":54,"column":80}},"28":{"start":{"line":55,"column":4},"end":{"line":68,"column":7}},"29":{"start":{"line":70,"column":15},"end":{"line":70,"column":126}}},"fnMap":{"0":{"name":"(anonymous_0)","decl":{"start":{"line":17,"column":54},"end":{"line":17,"column":55}},"loc":{"start":{"line":17,"column":69},"end":{"line":71,"column":1}},"line":17},"1":{"name":"(anonymous_1)","decl":{"start":{"line":19,"column":18},"end":{"line":19,"column":19}},"loc":{"start":{"line":19,"column":26},"end":{"line":19,"column":89}},"line":19},"2":{"name":"(anonymous_2)","decl":{"start":{"line":19,"column":30},"end":{"line":19,"column":31}},"loc":{"start":{"line":19,"column":42},"end":{"line":19,"column":87}},"line":19},"3":{"name":"(anonymous_3)","decl":{"start":{"line":26,"column":18},"end":{"line":26,"column":19}},"loc":{"start":{"line":26,"column":25},"end":{"line":26,"column":84}},"line":26},"4":{"name":"(anonymous_4)","decl":{"start":{"line":26,"column":29},"end":{"line":26,"column":30}},"loc":{"start":{"line":26,"column":41},"end":{"line":26,"column":82}},"line":26},"5":{"name":"(anonymous_5)","decl":{"start":{"line":39,"column":16},"end":{"line":39,"column":17}},"loc":{"start":{"line":39,"column":22},"end":{"line":69,"column":3}},"line":39},"6":{"name":"(anonymous_6)","decl":{"start":{"line":43,"column":37},"end":{"line":43,"column":38}},"loc":{"start":{"line":43,"column":42},"end":{"line":43,"column":58}},"line":43},"7":{"name":"(anonymous_7)","decl":{"start":{"line":44,"column":39},"end":{"line":44,"column":40}},"loc":{"start":{"line":44,"column":44},"end":{"line":44,"column":61}},"line":44},"8":{"name":"(anonymous_8)","decl":{"start":{"line":45,"column":37},"end":{"line":45,"column":38}},"loc":{"start":{"line":45,"column":42},"end":{"line":45,"column":58}},"line":45},"9":{"name":"(anonymous_9)","decl":{"start":{"line":46,"column":34},"end":{"line":46,"column":35}},"loc":{"start":{"line":46,"column":46},"end":{"line":46,"column":60}},"line":46},"10":{"name":"(anonymous_10)","decl":{"start":{"line":47,"column":38},"end":{"line":47,"column":39}},"loc":{"start":{"line":47,"column":50},"end":{"line":47,"column":64}},"line":47},"11":{"name":"(anonymous_11)","decl":{"start":{"line":51,"column":53},"end":{"line":51,"column":54}},"loc":{"start":{"line":51,"column":65},"end":{"line":51,"column":79}},"line":51},"12":{"name":"(anonymous_12)","decl":{"start":{"line":52,"column":58},"end":{"line":52,"column":59}},"loc":{"start":{"line":52,"column":63},"end":{"line":52,"column":71}},"line":52},"13":{"name":"(anonymous_13)","decl":{"start":{"line":53,"column":63},"end":{"line":53,"column":64}},"loc":{"start":{"line":53,"column":68},"end":{"line":53,"column":76}},"line":53},"14":{"name":"(anonymous_14)","decl":{"start":{"line":54,"column":54},"end":{"line":54,"column":55}},"loc":{"start":{"line":54,"column":66},"end":{"line":54,"column":80}},"line":54},"15":{"name":"(anonymous_15)","decl":{"start":{"line":70,"column":9},"end":{"line":70,"column":10}},"loc":{"start":{"line":70,"column":15},"end":{"line":70,"column":126}},"line":70}},"branchMap":{"0":{"loc":{"start":{"line":50,"column":20},"end":{"line":50,"column":63}},"type":"cond-expr","locations":[{"start":{"line":50,"column":34},"end":{"line":50,"column":59}},{"start":{"line":50,"column":62},"end":{"line":50,"column":63}}],"line":50},"1":{"loc":{"start":{"line":51,"column":27},"end":{"line":51,"column":101}},"type":"cond-expr","locations":[{"start":{"line":51,"column":41},"end":{"line":51,"column":97}},{"start":{"line":51,"column":100},"end":{"line":51,"column":101}}],"line":51},"2":{"loc":{"start":{"line":52,"column":23},"end":{"line":52,"column":77}},"type":"cond-expr","locations":[{"start":{"line":52,"column":37},"end":{"line":52,"column":73}},{"start":{"line":52,"column":76},"end":{"line":52,"column":77}}],"line":52},"3":{"loc":{"start":{"line":53,"column":24},"end":{"line":53,"column":82}},"type":"cond-expr","locations":[{"start":{"line":53,"column":40},"end":{"line":53,"column":78}},{"start":{"line":53,"column":81},"end":{"line":53,"column":82}}],"line":53},"4":{"loc":{"start":{"line":54,"column":16},"end":{"line":54,"column":88}},"type":"cond-expr","locations":[{"start":{"line":54,"column":30},"end":{"line":54,"column":84}},{"start":{"line":54,"column":87},"end":{"line":54,"column":88}}],"line":54}},"s":{"0":1,"1":1,"2":0,"3":0,"4":0,"5":0,"6":0,"7":0,"8":0,"9":0,"10":0,"11":0,"12":0,"13":0,"14":0,"15":0,"16":0,"17":0,"18":0,"19":0,"20":0,"21":0,"22":0,"23":0,"24":0,"25":0,"26":0,"27":0,"28":0,"29":0},"f":{"0":1,"1":0,"2":0,"3":0,"4":0,"5":0,"6":0,"7":0,"8":0,"9":0,"10":0,"11":0,"12":0,"13":0,"14":0,"15":0},"b":{"0":[0,0],"1":[0,0],"2":[0,0],"3":[0,0],"4":[0,0]},"_coverageSchema":"1a1c01bbd47fc00a2c39e90264f33305004495a9","hash":"4d39a43f857f12332367e260dea5aa3b8ab88b9a"}
,"C:\\Users\\bcmad\\OneDrive\\Desktop\\Alpha1\\UltimateSportsBettingApp\\frontend\\src\\store\\slices\\confidenceSlice.ts": {"path":"C:\\Users\\bcmad\\OneDrive\\Desktop\\Alpha1\\UltimateSportsBettingApp\\frontend\\src\\store\\slices\\confidenceSlice.ts","statementMap":{"0":{"start":{"line":17,"column":34},"end":{"line":25,"column":3}},"1":{"start":{"line":17,"column":68},"end":{"line":25,"column":1}},"2":{"start":{"line":19,"column":33},"end":{"line":19,"column":138}},"3":{"start":{"line":21,"column":41},"end":{"line":21,"column":64}},"4":{"start":{"line":23,"column":41},"end":{"line":23,"column":64}},"5":{"start":{"line":24,"column":15},"end":{"line":24,"column":84}}},"fnMap":{"0":{"name":"(anonymous_0)","decl":{"start":{"line":17,"column":58},"end":{"line":17,"column":59}},"loc":{"start":{"line":17,"column":68},"end":{"line":25,"column":1}},"line":17},"1":{"name":"(anonymous_1)","decl":{"start":{"line":19,"column":17},"end":{"line":19,"column":18}},"loc":{"start":{"line":19,"column":33},"end":{"line":19,"column":138}},"line":19},"2":{"name":"(anonymous_2)","decl":{"start":{"line":21,"column":21},"end":{"line":21,"column":22}},"loc":{"start":{"line":21,"column":41},"end":{"line":21,"column":64}},"line":21},"3":{"name":"(anonymous_3)","decl":{"start":{"line":23,"column":21},"end":{"line":23,"column":22}},"loc":{"start":{"line":23,"column":41},"end":{"line":23,"column":64}},"line":23},"4":{"name":"(anonymous_4)","decl":{"start":{"line":24,"column":9},"end":{"line":24,"column":10}},"loc":{"start":{"line":24,"column":15},"end":{"line":24,"column":84}},"line":24}},"branchMap":{},"s":{"0":1,"1":1,"2":1,"3":0,"4":0,"5":1},"f":{"0":1,"1":1,"2":0,"3":0,"4":1},"b":{},"_coverageSchema":"1a1c01bbd47fc00a2c39e90264f33305004495a9","hash":"3be4eb17a5914042a2a2ee1bd767c58857281393"}
,"C:\\Users\\bcmad\\OneDrive\\Desktop\\Alpha1\\UltimateSportsBettingApp\\frontend\\src\\stores\\payoutStore.ts": {"path":"C:\\Users\\bcmad\\OneDrive\\Desktop\\Alpha1\\UltimateSportsBettingApp\\frontend\\src\\stores\\payoutStore.ts","statementMap":{"0":{"start":{"line":32,"column":30},"end":{"line":91,"column":1}},"1":{"start":{"line":34,"column":19},"end":{"line":88,"column":5}},"2":{"start":{"line":38,"column":8},"end":{"line":43,"column":12}},"3":{"start":{"line":38,"column":22},"end":{"line":43,"column":9}},"4":{"start":{"line":47,"column":8},"end":{"line":47,"column":45}},"5":{"start":{"line":53,"column":18},"end":{"line":53,"column":26}},"6":{"start":{"line":54,"column":18},"end":{"line":54,"column":33}},"7":{"start":{"line":55,"column":30},"end":{"line":55,"column":55}},"8":{"start":{"line":58,"column":32},"end":{"line":58,"column":51}},"9":{"start":{"line":61,"column":8},"end":{"line":61,"column":55}},"10":{"start":{"line":69,"column":47},"end":{"line":69,"column":56}},"11":{"start":{"line":71,"column":28},"end":{"line":71,"column":82}},"12":{"start":{"line":73,"column":25},"end":{"line":73,"column":79}},"13":{"start":{"line":74,"column":36},"end":{"line":74,"column":67}},"14":{"start":{"line":76,"column":33},"end":{"line":76,"column":59}},"15":{"start":{"line":79,"column":10},"end":{"line":79,"column":80}},"16":{"start":{"line":81,"column":8},"end":{"line":86,"column":11}}},"fnMap":{"0":{"name":"(anonymous_0)","decl":{"start":{"line":34,"column":4},"end":{"line":34,"column":5}},"loc":{"start":{"line":34,"column":19},"end":{"line":88,"column":5}},"line":34},"1":{"name":"(anonymous_1)","decl":{"start":{"line":37,"column":27},"end":{"line":37,"column":28}},"loc":{"start":{"line":37,"column":66},"end":{"line":44,"column":7}},"line":37},"2":{"name":"(anonymous_2)","decl":{"start":{"line":38,"column":12},"end":{"line":38,"column":13}},"loc":{"start":{"line":38,"column":22},"end":{"line":43,"column":9}},"line":38},"3":{"name":"(anonymous_3)","decl":{"start":{"line":46,"column":24},"end":{"line":46,"column":25}},"loc":{"start":{"line":46,"column":45},"end":{"line":48,"column":7}},"line":46},"4":{"name":"(anonymous_4)","decl":{"start":{"line":50,"column":27},"end":{"line":50,"column":28}},"loc":{"start":{"line":50,"column":84},"end":{"line":62,"column":7}},"line":50},"5":{"name":"(anonymous_5)","decl":{"start":{"line":64,"column":37},"end":{"line":64,"column":38}},"loc":{"start":{"line":68,"column":11},"end":{"line":87,"column":7}},"line":68}},"branchMap":{"0":{"loc":{"start":{"line":73,"column":37},"end":{"line":73,"column":78}},"type":"binary-expr","locations":[{"start":{"line":73,"column":37},"end":{"line":73,"column":70}},{"start":{"line":73,"column":74},"end":{"line":73,"column":78}}],"line":73}},"s":{"0":1,"1":1,"2":0,"3":0,"4":0,"5":0,"6":0,"7":0,"8":0,"9":0,"10":0,"11":0,"12":0,"13":0,"14":0,"15":0,"16":0},"f":{"0":1,"1":0,"2":0,"3":0,"4":0,"5":0},"b":{"0":[0,0]},"_coverageSchema":"1a1c01bbd47fc00a2c39e90264f33305004495a9","hash":"c9df2874e279cd17fbe6a0009731e4e75e24f1e3"}
,"C:\\Users\\bcmad\\OneDrive\\Desktop\\Alpha1\\UltimateSportsBettingApp\\frontend\\src\\stores\\predictionStore.ts": {"path":"C:\\Users\\bcmad\\OneDrive\\Desktop\\Alpha1\\UltimateSportsBettingApp\\frontend\\src\\stores\\predictionStore.ts","statementMap":{"0":{"start":{"line":21,"column":34},"end":{"line":52,"column":1}},"1":{"start":{"line":23,"column":19},"end":{"line":49,"column":5}},"2":{"start":{"line":27,"column":8},"end":{"line":32,"column":12}},"3":{"start":{"line":27,"column":22},"end":{"line":32,"column":9}},"4":{"start":{"line":36,"column":8},"end":{"line":36,"column":49}},"5":{"start":{"line":40,"column":28},"end":{"line":40,"column":52}},"6":{"start":{"line":41,"column":8},"end":{"line":47,"column":10}},"7":{"start":{"line":43,"column":23},"end":{"line":43,"column":72}},"8":{"start":{"line":44,"column":23},"end":{"line":44,"column":72}},"9":{"start":{"line":45,"column":12},"end":{"line":45,"column":27}}},"fnMap":{"0":{"name":"(anonymous_0)","decl":{"start":{"line":23,"column":4},"end":{"line":23,"column":5}},"loc":{"start":{"line":23,"column":19},"end":{"line":49,"column":5}},"line":23},"1":{"name":"(anonymous_1)","decl":{"start":{"line":26,"column":24},"end":{"line":26,"column":25}},"loc":{"start":{"line":26,"column":67},"end":{"line":33,"column":7}},"line":26},"2":{"name":"(anonymous_2)","decl":{"start":{"line":27,"column":12},"end":{"line":27,"column":13}},"loc":{"start":{"line":27,"column":22},"end":{"line":32,"column":9}},"line":27},"3":{"name":"(anonymous_3)","decl":{"start":{"line":35,"column":29},"end":{"line":35,"column":30}},"loc":{"start":{"line":35,"column":50},"end":{"line":37,"column":7}},"line":35},"4":{"name":"(anonymous_4)","decl":{"start":{"line":39,"column":28},"end":{"line":39,"column":29}},"loc":{"start":{"line":39,"column":34},"end":{"line":48,"column":7}},"line":39},"5":{"name":"(anonymous_5)","decl":{"start":{"line":42,"column":10},"end":{"line":42,"column":11}},"loc":{"start":{"line":42,"column":20},"end":{"line":46,"column":11}},"line":42}},"branchMap":{"0":{"loc":{"start":{"line":43,"column":23},"end":{"line":43,"column":72}},"type":"cond-expr","locations":[{"start":{"line":43,"column":37},"end":{"line":43,"column":68}},{"start":{"line":43,"column":71},"end":{"line":43,"column":72}}],"line":43},"1":{"loc":{"start":{"line":44,"column":23},"end":{"line":44,"column":72}},"type":"cond-expr","locations":[{"start":{"line":44,"column":37},"end":{"line":44,"column":68}},{"start":{"line":44,"column":71},"end":{"line":44,"column":72}}],"line":44}},"s":{"0":2,"1":2,"2":0,"3":0,"4":0,"5":0,"6":0,"7":0,"8":0,"9":0},"f":{"0":2,"1":0,"2":0,"3":0,"4":0,"5":0},"b":{"0":[0,0],"1":[0,0]},"_coverageSchema":"1a1c01bbd47fc00a2c39e90264f33305004495a9","hash":"1ad27997232854c70790b85c126fdf6f1c0c14e2"}
,"C:\\Users\\bcmad\\OneDrive\\Desktop\\Alpha1\\UltimateSportsBettingApp\\frontend\\src\\stores\\riskProfileStore.ts": {"path":"C:\\Users\\bcmad\\OneDrive\\Desktop\\Alpha1\\UltimateSportsBettingApp\\frontend\\src\\stores\\riskProfileStore.ts","statementMap":{"0":{"start":{"line":15,"column":35},"end":{"line":51,"column":1}},"1":{"start":{"line":17,"column":19},"end":{"line":48,"column":5}},"2":{"start":{"line":22,"column":8},"end":{"line":27,"column":12}},"3":{"start":{"line":22,"column":22},"end":{"line":27,"column":9}},"4":{"start":{"line":31,"column":8},"end":{"line":31,"column":34}},"5":{"start":{"line":35,"column":45},"end":{"line":35,"column":50}},"6":{"start":{"line":36,"column":8},"end":{"line":36,"column":62}},"7":{"start":{"line":40,"column":45},"end":{"line":40,"column":50}},"8":{"start":{"line":41,"column":25},"end":{"line":41,"column":71}},"9":{"start":{"line":42,"column":8},"end":{"line":42,"column":45}},"10":{"start":{"line":46,"column":8},"end":{"line":46,"column":61}}},"fnMap":{"0":{"name":"(anonymous_0)","decl":{"start":{"line":17,"column":4},"end":{"line":17,"column":5}},"loc":{"start":{"line":17,"column":19},"end":{"line":48,"column":5}},"line":17},"1":{"name":"(anonymous_1)","decl":{"start":{"line":21,"column":25},"end":{"line":21,"column":26}},"loc":{"start":{"line":21,"column":60},"end":{"line":28,"column":7}},"line":21},"2":{"name":"(anonymous_2)","decl":{"start":{"line":22,"column":12},"end":{"line":22,"column":13}},"loc":{"start":{"line":22,"column":22},"end":{"line":27,"column":9}},"line":22},"3":{"name":"(anonymous_3)","decl":{"start":{"line":30,"column":22},"end":{"line":30,"column":23}},"loc":{"start":{"line":30,"column":42},"end":{"line":32,"column":7}},"line":30},"4":{"name":"(anonymous_4)","decl":{"start":{"line":34,"column":19},"end":{"line":34,"column":20}},"loc":{"start":{"line":34,"column":25},"end":{"line":37,"column":7}},"line":34},"5":{"name":"(anonymous_5)","decl":{"start":{"line":39,"column":28},"end":{"line":39,"column":29}},"loc":{"start":{"line":39,"column":51},"end":{"line":43,"column":7}},"line":39},"6":{"name":"(anonymous_6)","decl":{"start":{"line":45,"column":22},"end":{"line":45,"column":23}},"loc":{"start":{"line":45,"column":49},"end":{"line":47,"column":7}},"line":45}},"branchMap":{},"s":{"0":1,"1":1,"2":0,"3":0,"4":0,"5":0,"6":0,"7":0,"8":0,"9":0,"10":0},"f":{"0":1,"1":0,"2":0,"3":0,"4":0,"5":0,"6":0},"b":{},"_coverageSchema":"1a1c01bbd47fc00a2c39e90264f33305004495a9","hash":"0c4a66da5affa2ac4074de8925ed51dd92d95121"}
,"C:\\Users\\bcmad\\OneDrive\\Desktop\\Alpha1\\UltimateSportsBettingApp\\frontend\\src\\types\\betting.ts": {"path":"C:\\Users\\bcmad\\OneDrive\\Desktop\\Alpha1\\UltimateSportsBettingApp\\frontend\\src\\types\\betting.ts","statementMap":{"0":{"start":{"line":70,"column":75},"end":{"line":110,"column":1}}},"fnMap":{},"branchMap":{},"s":{"0":1},"f":{},"b":{},"_coverageSchema":"1a1c01bbd47fc00a2c39e90264f33305004495a9","hash":"a81fbd0600cca9dc0fc01869a8fe3964dee2ff6f"}
,"C:\\Users\\bcmad\\OneDrive\\Desktop\\Alpha1\\UltimateSportsBettingApp\\frontend\\src\\utils\\animations.ts": {"path":"C:\\Users\\bcmad\\OneDrive\\Desktop\\Alpha1\\UltimateSportsBettingApp\\frontend\\src\\utils\\animations.ts","statementMap":{"0":{"start":{"line":4,"column":22},"end":{"line":11,"column":1}},"1":{"start":{"line":14,"column":23},"end":{"line":23,"column":1}},"2":{"start":{"line":26,"column":21},"end":{"line":36,"column":1}},"3":{"start":{"line":39,"column":21},"end":{"line":49,"column":1}},"4":{"start":{"line":52,"column":25},"end":{"line":56,"column":1}},"5":{"start":{"line":59,"column":31},"end":{"line":63,"column":1}}},"fnMap":{},"branchMap":{},"s":{"0":1,"1":1,"2":1,"3":1,"4":1,"5":1},"f":{},"b":{},"_coverageSchema":"1a1c01bbd47fc00a2c39e90264f33305004495a9","hash":"569aca671646533b54f02b8a123fe17fd23b4d9b"}
}
